<?xml version="1.0" encoding="UTF-8"?>
<!-- Generated by org.testng.reporters.JUnitXMLReporter -->
<testsuite ignored="0" hostname="DESKTOP-NAM685B" failures="3" tests="42" name="ProductsTest" time="499.684" errors="0" timestamp="2024-07-01T02:58:46 ICT">
  <testcase classname="pos.tests.products.category.CreateCategoryTest" name="createSuccessCategoryTest" time="5.038"/>
  <testcase classname="pos.tests.products.category.CreateCategoryTest" name="createSuccessCategoryTest" time="4.436"/>
  <testcase classname="pos.tests.products.category.CreateCategoryTest" name="createSuccessCategoryTest" time="4.64"/>
  <testcase classname="pos.tests.products.category.CreateCategoryTest" name="createSuccessCategoryTest" time="4.619"/>
  <testcase classname="pos.tests.products.category.CreateCategoryTest" name="createSuccessCategoryTest" time="4.728"/>
  <testcase classname="pos.tests.products.category.CreateCategoryTest" name="createSuccessCategoryTest" time="5.702"/>
  <testcase classname="pos.tests.products.category.CreateCategoryTest" name="createSuccessCategoryTest" time="7.796"/>
  <testcase classname="pos.tests.products.category.CreateCategoryTest" name="createSuccessCategoryTest" time="6.269"/>
  <testcase classname="pos.tests.products.category.CreateCategoryTest" name="createSuccessCategoryTest" time="7.347"/>
  <testcase classname="pos.tests.products.category.CreateCategoryTest" name="createSuccessCategoryTest" time="6.311"/>
  <testcase classname="pos.tests.products.category.CreateCategoryTest" name="createSuccessCategoryTest" time="15.095">
    <failure type="org.openqa.selenium.NoSuchElementException" message="no such element: Unable to locate element: {&amp;quot;method&amp;quot;:&amp;quot;xpath&amp;quot;,&amp;quot;selector&amp;quot;:&amp;quot;//*[@id=&amp;quot;swal2-title&amp;quot;]&amp;quot;}
  (Session info: chrome=126.0.6478.127)
For documentation on this error, please visit: https://www.selenium.dev/documentation/webdriver/troubleshooting/errors#no-such-element-exception
Build info: version: &amp;apos;4.19.1&amp;apos;, revision: &amp;apos;abe0ee07dc&amp;apos;
System info: os.name: &amp;apos;Windows 11&amp;apos;, os.arch: &amp;apos;amd64&amp;apos;, os.version: &amp;apos;10.0&amp;apos;, java.version: &amp;apos;21.0.2&amp;apos;
Driver info: org.openqa.selenium.chrome.ChromeDriver
Command: [ab17b49671dd0707905bca14780f0b1e, findElement {using=xpath, value=//*[@id=&amp;quot;swal2-title&amp;quot;]}]
Capabilities {acceptInsecureCerts: false, browserName: chrome, browserVersion: 126.0.6478.127, chrome: {chromedriverVersion: 126.0.6478.126 (d36ace6122e..., userDataDir: C:\Users\Admin\AppData\Loca...}, fedcm:accounts: true, goog:chromeOptions: {debuggerAddress: localhost:52739}, networkConnectionEnabled: false, pageLoadStrategy: normal, platformName: windows, proxy: Proxy(), se:cdp: ws://localhost:52739/devtoo..., se:cdpVersion: 126.0.6478.127, setWindowRect: true, strictFileInteractability: false, timeouts: {implicit: 0, pageLoad: 300000, script: 30000}, unhandledPromptBehavior: dismiss and notify, webauthn:extension:credBlob: true, webauthn:extension:largeBlob: true, webauthn:extension:minPinLength: true, webauthn:extension:prf: true, webauthn:virtualAuthenticators: true}
Session ID: ab17b49671dd0707905bca14780f0b1e">
      <![CDATA[org.openqa.selenium.NoSuchElementException: no such element: Unable to locate element: {"method":"xpath","selector":"//*[@id="swal2-title"]"}
  (Session info: chrome=126.0.6478.127)
For documentation on this error, please visit: https://www.selenium.dev/documentation/webdriver/troubleshooting/errors#no-such-element-exception
Build info: version: '4.19.1', revision: 'abe0ee07dc'
System info: os.name: 'Windows 11', os.arch: 'amd64', os.version: '10.0', java.version: '21.0.2'
Driver info: org.openqa.selenium.chrome.ChromeDriver
Command: [ab17b49671dd0707905bca14780f0b1e, findElement {using=xpath, value=//*[@id="swal2-title"]}]
Capabilities {acceptInsecureCerts: false, browserName: chrome, browserVersion: 126.0.6478.127, chrome: {chromedriverVersion: 126.0.6478.126 (d36ace6122e..., userDataDir: C:\Users\Admin\AppData\Loca...}, fedcm:accounts: true, goog:chromeOptions: {debuggerAddress: localhost:52739}, networkConnectionEnabled: false, pageLoadStrategy: normal, platformName: windows, proxy: Proxy(), se:cdp: ws://localhost:52739/devtoo..., se:cdpVersion: 126.0.6478.127, setWindowRect: true, strictFileInteractability: false, timeouts: {implicit: 0, pageLoad: 300000, script: 30000}, unhandledPromptBehavior: dismiss and notify, webauthn:extension:credBlob: true, webauthn:extension:largeBlob: true, webauthn:extension:minPinLength: true, webauthn:extension:prf: true, webauthn:virtualAuthenticators: true}
Session ID: ab17b49671dd0707905bca14780f0b1e
at org.openqa.selenium.remote.ErrorCodec.decode(ErrorCodec.java:167)
at org.openqa.selenium.remote.codec.w3c.W3CHttpResponseCodec.decode(W3CHttpResponseCodec.java:138)
at org.openqa.selenium.remote.codec.w3c.W3CHttpResponseCodec.decode(W3CHttpResponseCodec.java:50)
at org.openqa.selenium.remote.HttpCommandExecutor.execute(HttpCommandExecutor.java:190)
at org.openqa.selenium.remote.service.DriverCommandExecutor.invokeExecute(DriverCommandExecutor.java:216)
at org.openqa.selenium.remote.service.DriverCommandExecutor.execute(DriverCommandExecutor.java:174)
at org.openqa.selenium.remote.RemoteWebDriver.execute(RemoteWebDriver.java:518)
at org.openqa.selenium.remote.ElementLocation$ElementFinder$2.findElement(ElementLocation.java:165)
at org.openqa.selenium.remote.ElementLocation.findElement(ElementLocation.java:59)
at org.openqa.selenium.remote.RemoteWebDriver.findElement(RemoteWebDriver.java:355)
at org.openqa.selenium.remote.RemoteWebDriver.findElement(RemoteWebDriver.java:349)
at org.openqa.selenium.support.pagefactory.DefaultElementLocator.findElement(DefaultElementLocator.java:68)
at org.openqa.selenium.support.pagefactory.internal.LocatingElementHandler.invoke(LocatingElementHandler.java:38)
at jdk.proxy2/jdk.proxy2.$Proxy16.getText(Unknown Source)
at pos.pageobjects.productspage.CategoryPage.getSuccessMessage(CategoryPage.java:77)
at pos.tests.products.category.CreateCategoryTest.createSuccessCategoryTest(CreateCategoryTest.java:51)
at java.base/java.util.ArrayList.forEach(ArrayList.java:1596)
... Removed 28 stack frames]]>
    </failure>
  </testcase> <!-- createSuccessCategoryTest -->
  <testcase classname="pos.tests.products.category.CreateCategoryTest" name="createSuccessCategoryTest" time="15.732">
    <failure type="org.openqa.selenium.NoSuchElementException" message="no such element: Unable to locate element: {&amp;quot;method&amp;quot;:&amp;quot;xpath&amp;quot;,&amp;quot;selector&amp;quot;:&amp;quot;//*[@id=&amp;quot;swal2-title&amp;quot;]&amp;quot;}
  (Session info: chrome=126.0.6478.127)
For documentation on this error, please visit: https://www.selenium.dev/documentation/webdriver/troubleshooting/errors#no-such-element-exception
Build info: version: &amp;apos;4.19.1&amp;apos;, revision: &amp;apos;abe0ee07dc&amp;apos;
System info: os.name: &amp;apos;Windows 11&amp;apos;, os.arch: &amp;apos;amd64&amp;apos;, os.version: &amp;apos;10.0&amp;apos;, java.version: &amp;apos;21.0.2&amp;apos;
Driver info: org.openqa.selenium.chrome.ChromeDriver
Command: [acde6331dff6126b5e467903c3d83b4b, findElement {using=xpath, value=//*[@id=&amp;quot;swal2-title&amp;quot;]}]
Capabilities {acceptInsecureCerts: false, browserName: chrome, browserVersion: 126.0.6478.127, chrome: {chromedriverVersion: 126.0.6478.126 (d36ace6122e..., userDataDir: C:\Users\Admin\AppData\Loca...}, fedcm:accounts: true, goog:chromeOptions: {debuggerAddress: localhost:52795}, networkConnectionEnabled: false, pageLoadStrategy: normal, platformName: windows, proxy: Proxy(), se:cdp: ws://localhost:52795/devtoo..., se:cdpVersion: 126.0.6478.127, setWindowRect: true, strictFileInteractability: false, timeouts: {implicit: 0, pageLoad: 300000, script: 30000}, unhandledPromptBehavior: dismiss and notify, webauthn:extension:credBlob: true, webauthn:extension:largeBlob: true, webauthn:extension:minPinLength: true, webauthn:extension:prf: true, webauthn:virtualAuthenticators: true}
Session ID: acde6331dff6126b5e467903c3d83b4b">
      <![CDATA[org.openqa.selenium.NoSuchElementException: no such element: Unable to locate element: {"method":"xpath","selector":"//*[@id="swal2-title"]"}
  (Session info: chrome=126.0.6478.127)
For documentation on this error, please visit: https://www.selenium.dev/documentation/webdriver/troubleshooting/errors#no-such-element-exception
Build info: version: '4.19.1', revision: 'abe0ee07dc'
System info: os.name: 'Windows 11', os.arch: 'amd64', os.version: '10.0', java.version: '21.0.2'
Driver info: org.openqa.selenium.chrome.ChromeDriver
Command: [acde6331dff6126b5e467903c3d83b4b, findElement {using=xpath, value=//*[@id="swal2-title"]}]
Capabilities {acceptInsecureCerts: false, browserName: chrome, browserVersion: 126.0.6478.127, chrome: {chromedriverVersion: 126.0.6478.126 (d36ace6122e..., userDataDir: C:\Users\Admin\AppData\Loca...}, fedcm:accounts: true, goog:chromeOptions: {debuggerAddress: localhost:52795}, networkConnectionEnabled: false, pageLoadStrategy: normal, platformName: windows, proxy: Proxy(), se:cdp: ws://localhost:52795/devtoo..., se:cdpVersion: 126.0.6478.127, setWindowRect: true, strictFileInteractability: false, timeouts: {implicit: 0, pageLoad: 300000, script: 30000}, unhandledPromptBehavior: dismiss and notify, webauthn:extension:credBlob: true, webauthn:extension:largeBlob: true, webauthn:extension:minPinLength: true, webauthn:extension:prf: true, webauthn:virtualAuthenticators: true}
Session ID: acde6331dff6126b5e467903c3d83b4b
at org.openqa.selenium.remote.ErrorCodec.decode(ErrorCodec.java:167)
at org.openqa.selenium.remote.codec.w3c.W3CHttpResponseCodec.decode(W3CHttpResponseCodec.java:138)
at org.openqa.selenium.remote.codec.w3c.W3CHttpResponseCodec.decode(W3CHttpResponseCodec.java:50)
at org.openqa.selenium.remote.HttpCommandExecutor.execute(HttpCommandExecutor.java:190)
at org.openqa.selenium.remote.service.DriverCommandExecutor.invokeExecute(DriverCommandExecutor.java:216)
at org.openqa.selenium.remote.service.DriverCommandExecutor.execute(DriverCommandExecutor.java:174)
at org.openqa.selenium.remote.RemoteWebDriver.execute(RemoteWebDriver.java:518)
at org.openqa.selenium.remote.ElementLocation$ElementFinder$2.findElement(ElementLocation.java:165)
at org.openqa.selenium.remote.ElementLocation.findElement(ElementLocation.java:59)
at org.openqa.selenium.remote.RemoteWebDriver.findElement(RemoteWebDriver.java:355)
at org.openqa.selenium.remote.RemoteWebDriver.findElement(RemoteWebDriver.java:349)
at org.openqa.selenium.support.pagefactory.DefaultElementLocator.findElement(DefaultElementLocator.java:68)
at org.openqa.selenium.support.pagefactory.internal.LocatingElementHandler.invoke(LocatingElementHandler.java:38)
at jdk.proxy2/jdk.proxy2.$Proxy16.getText(Unknown Source)
at pos.pageobjects.productspage.CategoryPage.getSuccessMessage(CategoryPage.java:77)
at pos.tests.products.category.CreateCategoryTest.createSuccessCategoryTest(CreateCategoryTest.java:51)
at java.base/java.util.ArrayList.forEach(ArrayList.java:1596)
... Removed 28 stack frames]]>
    </failure>
  </testcase> <!-- createSuccessCategoryTest -->
  <testcase classname="pos.tests.products.category.CreateCategoryTest" name="createSuccessCategoryTest" time="6.976"/>
  <testcase classname="pos.tests.products.category.CreateCategoryTest" name="createSuccessCategoryTest" time="7.307"/>
  <testcase classname="pos.tests.products.category.CreateCategoryTest" name="createSuccessCategoryTest" time="6.74"/>
  <testcase classname="pos.tests.products.category.CreateCategoryTest" name="createFailedCategorySuccess" time="7.146"/>
  <testcase classname="pos.tests.products.category.VisibleCategoryTest" name="visibleCategoriesTable" time="4.737"/>
  <testcase classname="pos.tests.products.category.UpdateCategoryTest" name="updateCategorySuccessTest" time="7.566"/>
  <testcase classname="pos.tests.products.category.UpdateCategoryTest" name="updateCategoryFailedTest" time="7.652"/>
  <testcase classname="pos.tests.products.category.DeleteCategoryTest" name="deleteCategory" time="6.566"/>
  <testcase classname="pos.tests.products.product.CreateProductTest" name="createProductTest" time="16.856"/>
  <testcase classname="pos.tests.products.product.CreateProductTest" name="createProductTest" time="12.416"/>
  <testcase classname="pos.tests.products.product.CreateProductTest" name="createProductTest" time="12.258"/>
  <testcase classname="pos.tests.products.product.CreateProductTest" name="createProductTest" time="12.014"/>
  <testcase classname="pos.tests.products.product.CreateProductTest" name="createProductTest" time="12.2"/>
  <testcase classname="pos.tests.products.product.CreateProductTest" name="createProductTest" time="12.114"/>
  <testcase classname="pos.tests.products.product.CreateProductTest" name="createProductTest" time="12.692"/>
  <testcase classname="pos.tests.products.product.CreateProductTest" name="createProductTest" time="12.63"/>
  <testcase classname="pos.tests.products.product.CreateProductTest" name="createProductTest" time="11.988"/>
  <testcase classname="pos.tests.products.product.CreateProductTest" name="createProductTest" time="11.954"/>
  <testcase classname="pos.tests.products.product.CreateProductTest" name="createProductTest" time="12.055"/>
  <testcase classname="pos.tests.products.product.CreateProductTest" name="createProductTest" time="13.906"/>
  <testcase classname="pos.tests.products.product.CreateProductTest" name="createProductTest" time="11.955"/>
  <testcase classname="pos.tests.products.product.CreateProductTest" name="createProductTest" time="11.974"/>
  <testcase classname="pos.tests.products.product.CreateProductTest" name="createProductTest" time="11.51"/>
  <testcase classname="pos.tests.products.product.CreateProductTest" name="createProductTest" time="16.142">
    <failure type="org.openqa.selenium.NoSuchElementException" message="Cannot locate option with text: Movies
For documentation on this error, please visit: https://www.selenium.dev/documentation/webdriver/troubleshooting/errors#no-such-element-exception
Build info: version: &amp;apos;4.19.1&amp;apos;, revision: &amp;apos;abe0ee07dc&amp;apos;
System info: os.name: &amp;apos;Windows 11&amp;apos;, os.arch: &amp;apos;amd64&amp;apos;, os.version: &amp;apos;10.0&amp;apos;, java.version: &amp;apos;21.0.2&amp;apos;
Driver info: driver.version: unknown">
      <![CDATA[org.openqa.selenium.NoSuchElementException: Cannot locate option with text: Movies
For documentation on this error, please visit: https://www.selenium.dev/documentation/webdriver/troubleshooting/errors#no-such-element-exception
Build info: version: '4.19.1', revision: 'abe0ee07dc'
System info: os.name: 'Windows 11', os.arch: 'amd64', os.version: '10.0', java.version: '21.0.2'
Driver info: driver.version: unknown
at org.openqa.selenium.support.ui.Select.selectByVisibleText(Select.java:153)
at pos.pageobjects.productspage.ProductPage.selectCategory(ProductPage.java:61)
at pos.tests.products.product.CreateProductTest.fillForm(CreateProductTest.java:46)
at pos.tests.products.product.CreateProductTest.createProductTest(CreateProductTest.java:63)
at java.base/java.util.ArrayList.forEach(ArrayList.java:1596)
... Removed 25 stack frames]]>
    </failure>
  </testcase> <!-- createProductTest -->
  <testcase classname="pos.tests.products.product.CreateProductTest" name="createProductTest" time="11.245"/>
  <testcase classname="pos.tests.products.product.CreateProductTest" name="createProductTest" time="12.024"/>
  <testcase classname="pos.tests.products.product.CreateProductTest" name="createProductTest" time="11.695"/>
  <testcase classname="pos.tests.products.product.CreateProductTest" name="createProductTest" time="11.606"/>
  <testcase classname="pos.tests.products.product.UpdateProductTest" name="updateProductTest" time="7.311"/>
  <testcase classname="pos.tests.products.product.DeleteProductTest" name="deleteProduct" time="6.204"/>
</testsuite> <!-- ProductsTest -->
