<html>
<head>
<title>TestNG:  ProductsTest</title>
<link href="../testng.css" rel="stylesheet" type="text/css" />
<link href="../my-testng.css" rel="stylesheet" type="text/css" />

<style type="text/css">
.log { display: none;} 
.stack-trace { display: none;} 
</style>
<script type="text/javascript">
<!--
function flip(e) {
  current = e.style.display;
  if (current == 'block') {
    e.style.display = 'none';
    return 0;
  }
  else {
    e.style.display = 'block';
    return 1;
  }
}

function toggleBox(szDivId, elem, msg1, msg2)
{
  var res = -1;  if (document.getElementById) {
    res = flip(document.getElementById(szDivId));
  }
  else if (document.all) {
    // this is the way old msie versions work
    res = flip(document.all[szDivId]);
  }
  if(elem) {
    if(res == 0) elem.innerHTML = msg1; else elem.innerHTML = msg2;
  }

}

function toggleAllBoxes() {
  if (document.getElementsByTagName) {
    d = document.getElementsByTagName('div');
    for (i = 0; i < d.length; i++) {
      if (d[i].className == 'log') {
        flip(d[i]);
      }
    }
  }
}

// -->
</script>

</head>
<body>
<h2 align='center'>ProductsTest</h2><table border='1' align="center">
<tr>
<td>Tests passed/Failed/Skipped:</td><td>36/6/0</td>
</tr><tr>
<td>Started on:</td><td>Tue May 28 17:19:05 ICT 2024</td>
</tr>
<tr><td>Total time:</td><td>745 seconds (745322 ms)</td>
</tr><tr>
<td>Included groups:</td><td></td>
</tr><tr>
<td>Excluded groups:</td><td></td>
</tr>
</table><p/>
<small><i>(Hover the method name to see the test class name)</i></small><p/>
<table width='100%' border='1' class='invocation-failed'>
<tr><td colspan='4' align='center'><b>FAILED TESTS</b></td></tr>
<tr><td><b>Test method</b></td>
<td width="30%"><b>Exception</b></td>
<td width="10%"><b>Time (seconds)</b></td>
<td><b>Instance</b></td>
</tr>
<tr>
<td title='pos.tests.products.category.CreateCategoryTest.createSuccessCategoryTest()'><b>createSuccessCategoryTest</b><br>Test class: pos.tests.products.category.CreateCategoryTest<br>Parameters: PON, Clothing</td>
<td><div><pre>org.openqa.selenium.NoSuchElementException: no such element: Unable to locate element: {&quot;method&quot;:&quot;xpath&quot;,&quot;selector&quot;:&quot;//*[@id=&quot;swal2-title&quot;]&quot;}
  (Session info: chrome=125.0.6422.77)
For documentation on this error, please visit: https://www.selenium.dev/documentation/webdriver/troubleshooting/errors#no-such-element-exception
Build info: version: &apos;4.19.1&apos;, revision: &apos;abe0ee07dc&apos;
System info: os.name: &apos;Windows 11&apos;, os.arch: &apos;amd64&apos;, os.version: &apos;10.0&apos;, java.version: &apos;21.0.2&apos;
Driver info: org.openqa.selenium.chrome.ChromeDriver
Command: [5bfab44446bfa2438505b46712a35dc3, findElement {value=//*[@id=&quot;swal2-title&quot;], using=xpath}]
Capabilities {acceptInsecureCerts: false, browserName: chrome, browserVersion: 125.0.6422.77, chrome: {chromedriverVersion: 125.0.6422.78 (14db42ec38ad..., userDataDir: C:\Users\Admin\AppData\Loca...}, fedcm:accounts: true, goog:chromeOptions: {debuggerAddress: localhost:51979}, networkConnectionEnabled: false, pageLoadStrategy: normal, platformName: windows, proxy: Proxy(), se:cdp: ws://localhost:51979/devtoo..., se:cdpVersion: 125.0.6422.77, setWindowRect: true, strictFileInteractability: false, timeouts: {implicit: 0, pageLoad: 300000, script: 30000}, unhandledPromptBehavior: dismiss and notify, webauthn:extension:credBlob: true, webauthn:extension:largeBlob: true, webauthn:extension:minPinLength: true, webauthn:extension:prf: true, webauthn:virtualAuthenticators: true}
Session ID: 5bfab44446bfa2438505b46712a35dc3
	at org.openqa.selenium.remote.ErrorCodec.decode(ErrorCodec.java:167)
	at org.openqa.selenium.remote.codec.w3c.W3CHttpResponseCodec.decode(W3CHttpResponseCodec.java:138)
	at org.openqa.selenium.remote.codec.w3c.W3CHttpResponseCodec.decode(W3CHttpResponseCodec.java:50)
	at org.openqa.selenium.remote.HttpCommandExecutor.execute(HttpCommandExecutor.java:190)
	at org.openqa.selenium.remote.service.DriverCommandExecutor.invokeExecute(DriverCommandExecutor.java:216)
	at org.openqa.selenium.remote.service.DriverCommandExecutor.execute(DriverCommandExecutor.java:174)
	at org.openqa.selenium.remote.RemoteWebDriver.execute(RemoteWebDriver.java:518)
	at org.openqa.selenium.remote.ElementLocation$ElementFinder$2.findElement(ElementLocation.java:165)
	at org.openqa.selenium.remote.ElementLocation.findElement(ElementLocation.java:59)
	at org.openqa.selenium.remote.RemoteWebDriver.findElement(RemoteWebDriver.java:355)
	at org.openqa.selenium.remote.RemoteWebDriver.findElement(RemoteWebDriver.java:349)
	at org.openqa.selenium.support.pagefactory.DefaultElementLocator.findElement(DefaultElementLocator.java:68)
	at org.openqa.selenium.support.pagefactory.internal.LocatingElementHandler.invoke(LocatingElementHandler.java:38)
	at jdk.proxy2/jdk.proxy2.$Proxy16.getText(Unknown Source)
	at pos.pageobjects.productspage.CategoryPage.getSuccessMessage(CategoryPage.java:77)
	at pos.tests.products.category.CreateCategoryTest.createSuccessCategoryTest(CreateCategoryTest.java:57)
	at java.base/java.util.ArrayList.forEach(ArrayList.java:1596)
... Removed 28 stack frames</pre></div><a href='#' onClick='toggleBox("stack-trace637365534", this, "Click to show all stack frames", "Click to hide stack frames")'>Click to show all stack frames</a>
<div class='stack-trace' id='stack-trace637365534'><pre>org.openqa.selenium.NoSuchElementException: no such element: Unable to locate element: {&quot;method&quot;:&quot;xpath&quot;,&quot;selector&quot;:&quot;//*[@id=&quot;swal2-title&quot;]&quot;}
  (Session info: chrome=125.0.6422.77)
For documentation on this error, please visit: https://www.selenium.dev/documentation/webdriver/troubleshooting/errors#no-such-element-exception
Build info: version: &apos;4.19.1&apos;, revision: &apos;abe0ee07dc&apos;
System info: os.name: &apos;Windows 11&apos;, os.arch: &apos;amd64&apos;, os.version: &apos;10.0&apos;, java.version: &apos;21.0.2&apos;
Driver info: org.openqa.selenium.chrome.ChromeDriver
Command: [5bfab44446bfa2438505b46712a35dc3, findElement {value=//*[@id=&quot;swal2-title&quot;], using=xpath}]
Capabilities {acceptInsecureCerts: false, browserName: chrome, browserVersion: 125.0.6422.77, chrome: {chromedriverVersion: 125.0.6422.78 (14db42ec38ad..., userDataDir: C:\Users\Admin\AppData\Loca...}, fedcm:accounts: true, goog:chromeOptions: {debuggerAddress: localhost:51979}, networkConnectionEnabled: false, pageLoadStrategy: normal, platformName: windows, proxy: Proxy(), se:cdp: ws://localhost:51979/devtoo..., se:cdpVersion: 125.0.6422.77, setWindowRect: true, strictFileInteractability: false, timeouts: {implicit: 0, pageLoad: 300000, script: 30000}, unhandledPromptBehavior: dismiss and notify, webauthn:extension:credBlob: true, webauthn:extension:largeBlob: true, webauthn:extension:minPinLength: true, webauthn:extension:prf: true, webauthn:virtualAuthenticators: true}
Session ID: 5bfab44446bfa2438505b46712a35dc3
	at java.base/jdk.internal.reflect.DirectConstructorHandleAccessor.newInstance(DirectConstructorHandleAccessor.java:62)
	at java.base/java.lang.reflect.Constructor.newInstanceWithCaller(Constructor.java:502)
	at java.base/java.lang.reflect.Constructor.newInstance(Constructor.java:486)
	at org.openqa.selenium.remote.ErrorCodec.decode(ErrorCodec.java:167)
	at org.openqa.selenium.remote.codec.w3c.W3CHttpResponseCodec.decode(W3CHttpResponseCodec.java:138)
	at org.openqa.selenium.remote.codec.w3c.W3CHttpResponseCodec.decode(W3CHttpResponseCodec.java:50)
	at org.openqa.selenium.remote.HttpCommandExecutor.execute(HttpCommandExecutor.java:190)
	at org.openqa.selenium.remote.service.DriverCommandExecutor.invokeExecute(DriverCommandExecutor.java:216)
	at org.openqa.selenium.remote.service.DriverCommandExecutor.execute(DriverCommandExecutor.java:174)
	at org.openqa.selenium.remote.RemoteWebDriver.execute(RemoteWebDriver.java:518)
	at org.openqa.selenium.remote.ElementLocation$ElementFinder$2.findElement(ElementLocation.java:165)
	at org.openqa.selenium.remote.ElementLocation.findElement(ElementLocation.java:59)
	at org.openqa.selenium.remote.RemoteWebDriver.findElement(RemoteWebDriver.java:355)
	at org.openqa.selenium.remote.RemoteWebDriver.findElement(RemoteWebDriver.java:349)
	at org.openqa.selenium.support.pagefactory.DefaultElementLocator.findElement(DefaultElementLocator.java:68)
	at org.openqa.selenium.support.pagefactory.internal.LocatingElementHandler.invoke(LocatingElementHandler.java:38)
	at jdk.proxy2/jdk.proxy2.$Proxy16.getText(Unknown Source)
	at pos.pageobjects.productspage.CategoryPage.getSuccessMessage(CategoryPage.java:77)
	at pos.tests.products.category.CreateCategoryTest.createSuccessCategoryTest(CreateCategoryTest.java:57)
	at java.base/jdk.internal.reflect.DirectMethodHandleAccessor.invoke(DirectMethodHandleAccessor.java:103)
	at java.base/java.lang.reflect.Method.invoke(Method.java:580)
	at org.testng.internal.MethodInvocationHelper.invokeMethod(MethodInvocationHelper.java:133)
	at org.testng.internal.TestInvoker.invokeMethod(TestInvoker.java:598)
	at org.testng.internal.TestInvoker.invokeTestMethod(TestInvoker.java:173)
	at org.testng.internal.MethodRunner.runInSequence(MethodRunner.java:46)
	at org.testng.internal.TestInvoker$MethodInvocationAgent.invoke(TestInvoker.java:824)
	at org.testng.internal.TestInvoker.invokeTestMethods(TestInvoker.java:146)
	at org.testng.internal.TestMethodWorker.invokeTestMethods(TestMethodWorker.java:146)
	at org.testng.internal.TestMethodWorker.run(TestMethodWorker.java:128)
	at java.base/java.util.ArrayList.forEach(ArrayList.java:1596)
	at org.testng.TestRunner.privateRun(TestRunner.java:794)
	at org.testng.TestRunner.run(TestRunner.java:596)
	at org.testng.SuiteRunner.runTest(SuiteRunner.java:377)
	at org.testng.SuiteRunner.runSequentially(SuiteRunner.java:371)
	at org.testng.SuiteRunner.privateRun(SuiteRunner.java:332)
	at org.testng.SuiteRunner.run(SuiteRunner.java:276)
	at org.testng.SuiteRunnerWorker.runSuite(SuiteRunnerWorker.java:53)
	at org.testng.SuiteRunnerWorker.run(SuiteRunnerWorker.java:96)
	at org.testng.TestNG.runSuitesSequentially(TestNG.java:1212)
	at org.testng.TestNG.runSuitesLocally(TestNG.java:1134)
	at org.testng.TestNG.runSuites(TestNG.java:1063)
	at org.testng.TestNG.run(TestNG.java:1031)
	at org.testng.remote.AbstractRemoteTestNG.run(AbstractRemoteTestNG.java:115)
	at org.testng.remote.RemoteTestNG.initAndRun(RemoteTestNG.java:251)
	at org.testng.remote.RemoteTestNG.main(RemoteTestNG.java:77)
</pre></div></td>
<td>19</td>
<td>pos.tests.products.category.CreateCategoryTest@12591ac8</td></tr>
<tr>
<td title='pos.tests.products.product.CreateProductTest.createProductTest()'><b>createProductTest</b><br>Test class: pos.tests.products.product.CreateProductTest<br>Parameters: pos.form.products.ProductForm@292b7a02</td>
<td><div><pre>org.openqa.selenium.NoSuchElementException: Cannot locate option with text: Automation
For documentation on this error, please visit: https://www.selenium.dev/documentation/webdriver/troubleshooting/errors#no-such-element-exception
Build info: version: &apos;4.19.1&apos;, revision: &apos;abe0ee07dc&apos;
System info: os.name: &apos;Windows 11&apos;, os.arch: &apos;amd64&apos;, os.version: &apos;10.0&apos;, java.version: &apos;21.0.2&apos;
Driver info: driver.version: unknown
	at org.openqa.selenium.support.ui.Select.selectByVisibleText(Select.java:153)
	at pos.pageobjects.productspage.ProductPage.selectCategory(ProductPage.java:81)
	at pos.tests.products.product.CreateProductTest.fillForm(CreateProductTest.java:46)
	at pos.tests.products.product.CreateProductTest.createProductTest(CreateProductTest.java:61)
	at java.base/java.util.ArrayList.forEach(ArrayList.java:1596)
... Removed 25 stack frames</pre></div><a href='#' onClick='toggleBox("stack-trace2051119589", this, "Click to show all stack frames", "Click to hide stack frames")'>Click to show all stack frames</a>
<div class='stack-trace' id='stack-trace2051119589'><pre>org.openqa.selenium.NoSuchElementException: Cannot locate option with text: Automation
For documentation on this error, please visit: https://www.selenium.dev/documentation/webdriver/troubleshooting/errors#no-such-element-exception
Build info: version: &apos;4.19.1&apos;, revision: &apos;abe0ee07dc&apos;
System info: os.name: &apos;Windows 11&apos;, os.arch: &apos;amd64&apos;, os.version: &apos;10.0&apos;, java.version: &apos;21.0.2&apos;
Driver info: driver.version: unknown
	at org.openqa.selenium.support.ui.Select.selectByVisibleText(Select.java:153)
	at pos.pageobjects.productspage.ProductPage.selectCategory(ProductPage.java:81)
	at pos.tests.products.product.CreateProductTest.fillForm(CreateProductTest.java:46)
	at pos.tests.products.product.CreateProductTest.createProductTest(CreateProductTest.java:61)
	at java.base/jdk.internal.reflect.DirectMethodHandleAccessor.invoke(DirectMethodHandleAccessor.java:103)
	at java.base/java.lang.reflect.Method.invoke(Method.java:580)
	at org.testng.internal.MethodInvocationHelper.invokeMethod(MethodInvocationHelper.java:133)
	at org.testng.internal.TestInvoker.invokeMethod(TestInvoker.java:598)
	at org.testng.internal.TestInvoker.invokeTestMethod(TestInvoker.java:173)
	at org.testng.internal.MethodRunner.runInSequence(MethodRunner.java:46)
	at org.testng.internal.TestInvoker$MethodInvocationAgent.invoke(TestInvoker.java:824)
	at org.testng.internal.TestInvoker.invokeTestMethods(TestInvoker.java:146)
	at org.testng.internal.TestMethodWorker.invokeTestMethods(TestMethodWorker.java:146)
	at org.testng.internal.TestMethodWorker.run(TestMethodWorker.java:128)
	at java.base/java.util.ArrayList.forEach(ArrayList.java:1596)
	at org.testng.TestRunner.privateRun(TestRunner.java:794)
	at org.testng.TestRunner.run(TestRunner.java:596)
	at org.testng.SuiteRunner.runTest(SuiteRunner.java:377)
	at org.testng.SuiteRunner.runSequentially(SuiteRunner.java:371)
	at org.testng.SuiteRunner.privateRun(SuiteRunner.java:332)
	at org.testng.SuiteRunner.run(SuiteRunner.java:276)
	at org.testng.SuiteRunnerWorker.runSuite(SuiteRunnerWorker.java:53)
	at org.testng.SuiteRunnerWorker.run(SuiteRunnerWorker.java:96)
	at org.testng.TestNG.runSuitesSequentially(TestNG.java:1212)
	at org.testng.TestNG.runSuitesLocally(TestNG.java:1134)
	at org.testng.TestNG.runSuites(TestNG.java:1063)
	at org.testng.TestNG.run(TestNG.java:1031)
	at org.testng.remote.AbstractRemoteTestNG.run(AbstractRemoteTestNG.java:115)
	at org.testng.remote.RemoteTestNG.initAndRun(RemoteTestNG.java:251)
	at org.testng.remote.RemoteTestNG.main(RemoteTestNG.java:77)
</pre></div></td>
<td>29</td>
<td>pos.tests.products.product.CreateProductTest@1b66c0fb</td></tr>
<tr>
<td title='pos.tests.products.product.CreateProductTest.createProductTest()'><b>createProductTest</b><br>Test class: pos.tests.products.product.CreateProductTest<br>Parameters: pos.form.products.ProductForm@7abc838a</td>
<td><div><pre>org.openqa.selenium.NoSuchElementException: Cannot locate option with text: Electronics
For documentation on this error, please visit: https://www.selenium.dev/documentation/webdriver/troubleshooting/errors#no-such-element-exception
Build info: version: &apos;4.19.1&apos;, revision: &apos;abe0ee07dc&apos;
System info: os.name: &apos;Windows 11&apos;, os.arch: &apos;amd64&apos;, os.version: &apos;10.0&apos;, java.version: &apos;21.0.2&apos;
Driver info: driver.version: unknown
	at org.openqa.selenium.support.ui.Select.selectByVisibleText(Select.java:153)
	at pos.pageobjects.productspage.ProductPage.selectCategory(ProductPage.java:81)
	at pos.tests.products.product.CreateProductTest.fillForm(CreateProductTest.java:46)
	at pos.tests.products.product.CreateProductTest.createProductTest(CreateProductTest.java:61)
	at java.base/java.util.ArrayList.forEach(ArrayList.java:1596)
... Removed 25 stack frames</pre></div><a href='#' onClick='toggleBox("stack-trace1064249035", this, "Click to show all stack frames", "Click to hide stack frames")'>Click to show all stack frames</a>
<div class='stack-trace' id='stack-trace1064249035'><pre>org.openqa.selenium.NoSuchElementException: Cannot locate option with text: Electronics
For documentation on this error, please visit: https://www.selenium.dev/documentation/webdriver/troubleshooting/errors#no-such-element-exception
Build info: version: &apos;4.19.1&apos;, revision: &apos;abe0ee07dc&apos;
System info: os.name: &apos;Windows 11&apos;, os.arch: &apos;amd64&apos;, os.version: &apos;10.0&apos;, java.version: &apos;21.0.2&apos;
Driver info: driver.version: unknown
	at org.openqa.selenium.support.ui.Select.selectByVisibleText(Select.java:153)
	at pos.pageobjects.productspage.ProductPage.selectCategory(ProductPage.java:81)
	at pos.tests.products.product.CreateProductTest.fillForm(CreateProductTest.java:46)
	at pos.tests.products.product.CreateProductTest.createProductTest(CreateProductTest.java:61)
	at java.base/jdk.internal.reflect.DirectMethodHandleAccessor.invoke(DirectMethodHandleAccessor.java:103)
	at java.base/java.lang.reflect.Method.invoke(Method.java:580)
	at org.testng.internal.MethodInvocationHelper.invokeMethod(MethodInvocationHelper.java:133)
	at org.testng.internal.TestInvoker.invokeMethod(TestInvoker.java:598)
	at org.testng.internal.TestInvoker.invokeTestMethod(TestInvoker.java:173)
	at org.testng.internal.MethodRunner.runInSequence(MethodRunner.java:46)
	at org.testng.internal.TestInvoker$MethodInvocationAgent.invoke(TestInvoker.java:824)
	at org.testng.internal.TestInvoker.invokeTestMethods(TestInvoker.java:146)
	at org.testng.internal.TestMethodWorker.invokeTestMethods(TestMethodWorker.java:146)
	at org.testng.internal.TestMethodWorker.run(TestMethodWorker.java:128)
	at java.base/java.util.ArrayList.forEach(ArrayList.java:1596)
	at org.testng.TestRunner.privateRun(TestRunner.java:794)
	at org.testng.TestRunner.run(TestRunner.java:596)
	at org.testng.SuiteRunner.runTest(SuiteRunner.java:377)
	at org.testng.SuiteRunner.runSequentially(SuiteRunner.java:371)
	at org.testng.SuiteRunner.privateRun(SuiteRunner.java:332)
	at org.testng.SuiteRunner.run(SuiteRunner.java:276)
	at org.testng.SuiteRunnerWorker.runSuite(SuiteRunnerWorker.java:53)
	at org.testng.SuiteRunnerWorker.run(SuiteRunnerWorker.java:96)
	at org.testng.TestNG.runSuitesSequentially(TestNG.java:1212)
	at org.testng.TestNG.runSuitesLocally(TestNG.java:1134)
	at org.testng.TestNG.runSuites(TestNG.java:1063)
	at org.testng.TestNG.run(TestNG.java:1031)
	at org.testng.remote.AbstractRemoteTestNG.run(AbstractRemoteTestNG.java:115)
	at org.testng.remote.RemoteTestNG.initAndRun(RemoteTestNG.java:251)
	at org.testng.remote.RemoteTestNG.main(RemoteTestNG.java:77)
</pre></div></td>
<td>21</td>
<td>pos.tests.products.product.CreateProductTest@1b66c0fb</td></tr>
<tr>
<td title='pos.tests.products.product.CreateProductTest.createProductTest()'><b>createProductTest</b><br>Test class: pos.tests.products.product.CreateProductTest<br>Parameters: pos.form.products.ProductForm@12b2fcaf</td>
<td><div><pre>org.openqa.selenium.NoSuchElementException: Cannot locate option with text: Home
For documentation on this error, please visit: https://www.selenium.dev/documentation/webdriver/troubleshooting/errors#no-such-element-exception
Build info: version: &apos;4.19.1&apos;, revision: &apos;abe0ee07dc&apos;
System info: os.name: &apos;Windows 11&apos;, os.arch: &apos;amd64&apos;, os.version: &apos;10.0&apos;, java.version: &apos;21.0.2&apos;
Driver info: driver.version: unknown
	at org.openqa.selenium.support.ui.Select.selectByVisibleText(Select.java:153)
	at pos.pageobjects.productspage.ProductPage.selectCategory(ProductPage.java:81)
	at pos.tests.products.product.CreateProductTest.fillForm(CreateProductTest.java:46)
	at pos.tests.products.product.CreateProductTest.createProductTest(CreateProductTest.java:61)
	at java.base/java.util.ArrayList.forEach(ArrayList.java:1596)
... Removed 25 stack frames</pre></div><a href='#' onClick='toggleBox("stack-trace1523314498", this, "Click to show all stack frames", "Click to hide stack frames")'>Click to show all stack frames</a>
<div class='stack-trace' id='stack-trace1523314498'><pre>org.openqa.selenium.NoSuchElementException: Cannot locate option with text: Home
For documentation on this error, please visit: https://www.selenium.dev/documentation/webdriver/troubleshooting/errors#no-such-element-exception
Build info: version: &apos;4.19.1&apos;, revision: &apos;abe0ee07dc&apos;
System info: os.name: &apos;Windows 11&apos;, os.arch: &apos;amd64&apos;, os.version: &apos;10.0&apos;, java.version: &apos;21.0.2&apos;
Driver info: driver.version: unknown
	at org.openqa.selenium.support.ui.Select.selectByVisibleText(Select.java:153)
	at pos.pageobjects.productspage.ProductPage.selectCategory(ProductPage.java:81)
	at pos.tests.products.product.CreateProductTest.fillForm(CreateProductTest.java:46)
	at pos.tests.products.product.CreateProductTest.createProductTest(CreateProductTest.java:61)
	at java.base/jdk.internal.reflect.DirectMethodHandleAccessor.invoke(DirectMethodHandleAccessor.java:103)
	at java.base/java.lang.reflect.Method.invoke(Method.java:580)
	at org.testng.internal.MethodInvocationHelper.invokeMethod(MethodInvocationHelper.java:133)
	at org.testng.internal.TestInvoker.invokeMethod(TestInvoker.java:598)
	at org.testng.internal.TestInvoker.invokeTestMethod(TestInvoker.java:173)
	at org.testng.internal.MethodRunner.runInSequence(MethodRunner.java:46)
	at org.testng.internal.TestInvoker$MethodInvocationAgent.invoke(TestInvoker.java:824)
	at org.testng.internal.TestInvoker.invokeTestMethods(TestInvoker.java:146)
	at org.testng.internal.TestMethodWorker.invokeTestMethods(TestMethodWorker.java:146)
	at org.testng.internal.TestMethodWorker.run(TestMethodWorker.java:128)
	at java.base/java.util.ArrayList.forEach(ArrayList.java:1596)
	at org.testng.TestRunner.privateRun(TestRunner.java:794)
	at org.testng.TestRunner.run(TestRunner.java:596)
	at org.testng.SuiteRunner.runTest(SuiteRunner.java:377)
	at org.testng.SuiteRunner.runSequentially(SuiteRunner.java:371)
	at org.testng.SuiteRunner.privateRun(SuiteRunner.java:332)
	at org.testng.SuiteRunner.run(SuiteRunner.java:276)
	at org.testng.SuiteRunnerWorker.runSuite(SuiteRunnerWorker.java:53)
	at org.testng.SuiteRunnerWorker.run(SuiteRunnerWorker.java:96)
	at org.testng.TestNG.runSuitesSequentially(TestNG.java:1212)
	at org.testng.TestNG.runSuitesLocally(TestNG.java:1134)
	at org.testng.TestNG.runSuites(TestNG.java:1063)
	at org.testng.TestNG.run(TestNG.java:1031)
	at org.testng.remote.AbstractRemoteTestNG.run(AbstractRemoteTestNG.java:115)
	at org.testng.remote.RemoteTestNG.initAndRun(RemoteTestNG.java:251)
	at org.testng.remote.RemoteTestNG.main(RemoteTestNG.java:77)
</pre></div></td>
<td>21</td>
<td>pos.tests.products.product.CreateProductTest@1b66c0fb</td></tr>
<tr>
<td title='pos.tests.products.product.CreateProductTest.createProductTest()'><b>createProductTest</b><br>Test class: pos.tests.products.product.CreateProductTest<br>Parameters: pos.form.products.ProductForm@697fb4b1</td>
<td><div><pre>org.openqa.selenium.NoSuchElementException: Cannot locate option with text: Clothing
For documentation on this error, please visit: https://www.selenium.dev/documentation/webdriver/troubleshooting/errors#no-such-element-exception
Build info: version: &apos;4.19.1&apos;, revision: &apos;abe0ee07dc&apos;
System info: os.name: &apos;Windows 11&apos;, os.arch: &apos;amd64&apos;, os.version: &apos;10.0&apos;, java.version: &apos;21.0.2&apos;
Driver info: driver.version: unknown
	at org.openqa.selenium.support.ui.Select.selectByVisibleText(Select.java:153)
	at pos.pageobjects.productspage.ProductPage.selectCategory(ProductPage.java:81)
	at pos.tests.products.product.CreateProductTest.fillForm(CreateProductTest.java:46)
	at pos.tests.products.product.CreateProductTest.createProductTest(CreateProductTest.java:61)
	at java.base/java.util.ArrayList.forEach(ArrayList.java:1596)
... Removed 25 stack frames</pre></div><a href='#' onClick='toggleBox("stack-trace1571718647", this, "Click to show all stack frames", "Click to hide stack frames")'>Click to show all stack frames</a>
<div class='stack-trace' id='stack-trace1571718647'><pre>org.openqa.selenium.NoSuchElementException: Cannot locate option with text: Clothing
For documentation on this error, please visit: https://www.selenium.dev/documentation/webdriver/troubleshooting/errors#no-such-element-exception
Build info: version: &apos;4.19.1&apos;, revision: &apos;abe0ee07dc&apos;
System info: os.name: &apos;Windows 11&apos;, os.arch: &apos;amd64&apos;, os.version: &apos;10.0&apos;, java.version: &apos;21.0.2&apos;
Driver info: driver.version: unknown
	at org.openqa.selenium.support.ui.Select.selectByVisibleText(Select.java:153)
	at pos.pageobjects.productspage.ProductPage.selectCategory(ProductPage.java:81)
	at pos.tests.products.product.CreateProductTest.fillForm(CreateProductTest.java:46)
	at pos.tests.products.product.CreateProductTest.createProductTest(CreateProductTest.java:61)
	at java.base/jdk.internal.reflect.DirectMethodHandleAccessor.invoke(DirectMethodHandleAccessor.java:103)
	at java.base/java.lang.reflect.Method.invoke(Method.java:580)
	at org.testng.internal.MethodInvocationHelper.invokeMethod(MethodInvocationHelper.java:133)
	at org.testng.internal.TestInvoker.invokeMethod(TestInvoker.java:598)
	at org.testng.internal.TestInvoker.invokeTestMethod(TestInvoker.java:173)
	at org.testng.internal.MethodRunner.runInSequence(MethodRunner.java:46)
	at org.testng.internal.TestInvoker$MethodInvocationAgent.invoke(TestInvoker.java:824)
	at org.testng.internal.TestInvoker.invokeTestMethods(TestInvoker.java:146)
	at org.testng.internal.TestMethodWorker.invokeTestMethods(TestMethodWorker.java:146)
	at org.testng.internal.TestMethodWorker.run(TestMethodWorker.java:128)
	at java.base/java.util.ArrayList.forEach(ArrayList.java:1596)
	at org.testng.TestRunner.privateRun(TestRunner.java:794)
	at org.testng.TestRunner.run(TestRunner.java:596)
	at org.testng.SuiteRunner.runTest(SuiteRunner.java:377)
	at org.testng.SuiteRunner.runSequentially(SuiteRunner.java:371)
	at org.testng.SuiteRunner.privateRun(SuiteRunner.java:332)
	at org.testng.SuiteRunner.run(SuiteRunner.java:276)
	at org.testng.SuiteRunnerWorker.runSuite(SuiteRunnerWorker.java:53)
	at org.testng.SuiteRunnerWorker.run(SuiteRunnerWorker.java:96)
	at org.testng.TestNG.runSuitesSequentially(TestNG.java:1212)
	at org.testng.TestNG.runSuitesLocally(TestNG.java:1134)
	at org.testng.TestNG.runSuites(TestNG.java:1063)
	at org.testng.TestNG.run(TestNG.java:1031)
	at org.testng.remote.AbstractRemoteTestNG.run(AbstractRemoteTestNG.java:115)
	at org.testng.remote.RemoteTestNG.initAndRun(RemoteTestNG.java:251)
	at org.testng.remote.RemoteTestNG.main(RemoteTestNG.java:77)
</pre></div></td>
<td>21</td>
<td>pos.tests.products.product.CreateProductTest@1b66c0fb</td></tr>
<tr>
<td title='pos.tests.products.category.CreateCategoryTest.createSuccessCategoryTest()'><b>createSuccessCategoryTest</b><br>Test class: pos.tests.products.category.CreateCategoryTest<br>Parameters: BUN, Electronics</td>
<td><div><pre>org.openqa.selenium.NoSuchElementException: no such element: Unable to locate element: {&quot;method&quot;:&quot;xpath&quot;,&quot;selector&quot;:&quot;//*[@id=&quot;swal2-title&quot;]&quot;}
  (Session info: chrome=125.0.6422.77)
For documentation on this error, please visit: https://www.selenium.dev/documentation/webdriver/troubleshooting/errors#no-such-element-exception
Build info: version: &apos;4.19.1&apos;, revision: &apos;abe0ee07dc&apos;
System info: os.name: &apos;Windows 11&apos;, os.arch: &apos;amd64&apos;, os.version: &apos;10.0&apos;, java.version: &apos;21.0.2&apos;
Driver info: org.openqa.selenium.chrome.ChromeDriver
Command: [3c436866f44da868249aba1e9e4bb21d, findElement {value=//*[@id=&quot;swal2-title&quot;], using=xpath}]
Capabilities {acceptInsecureCerts: false, browserName: chrome, browserVersion: 125.0.6422.77, chrome: {chromedriverVersion: 125.0.6422.78 (14db42ec38ad..., userDataDir: C:\Users\Admin\AppData\Loca...}, fedcm:accounts: true, goog:chromeOptions: {debuggerAddress: localhost:51910}, networkConnectionEnabled: false, pageLoadStrategy: normal, platformName: windows, proxy: Proxy(), se:cdp: ws://localhost:51910/devtoo..., se:cdpVersion: 125.0.6422.77, setWindowRect: true, strictFileInteractability: false, timeouts: {implicit: 0, pageLoad: 300000, script: 30000}, unhandledPromptBehavior: dismiss and notify, webauthn:extension:credBlob: true, webauthn:extension:largeBlob: true, webauthn:extension:minPinLength: true, webauthn:extension:prf: true, webauthn:virtualAuthenticators: true}
Session ID: 3c436866f44da868249aba1e9e4bb21d
	at org.openqa.selenium.remote.ErrorCodec.decode(ErrorCodec.java:167)
	at org.openqa.selenium.remote.codec.w3c.W3CHttpResponseCodec.decode(W3CHttpResponseCodec.java:138)
	at org.openqa.selenium.remote.codec.w3c.W3CHttpResponseCodec.decode(W3CHttpResponseCodec.java:50)
	at org.openqa.selenium.remote.HttpCommandExecutor.execute(HttpCommandExecutor.java:190)
	at org.openqa.selenium.remote.service.DriverCommandExecutor.invokeExecute(DriverCommandExecutor.java:216)
	at org.openqa.selenium.remote.service.DriverCommandExecutor.execute(DriverCommandExecutor.java:174)
	at org.openqa.selenium.remote.RemoteWebDriver.execute(RemoteWebDriver.java:518)
	at org.openqa.selenium.remote.ElementLocation$ElementFinder$2.findElement(ElementLocation.java:165)
	at org.openqa.selenium.remote.ElementLocation.findElement(ElementLocation.java:59)
	at org.openqa.selenium.remote.RemoteWebDriver.findElement(RemoteWebDriver.java:355)
	at org.openqa.selenium.remote.RemoteWebDriver.findElement(RemoteWebDriver.java:349)
	at org.openqa.selenium.support.pagefactory.DefaultElementLocator.findElement(DefaultElementLocator.java:68)
	at org.openqa.selenium.support.pagefactory.internal.LocatingElementHandler.invoke(LocatingElementHandler.java:38)
	at jdk.proxy2/jdk.proxy2.$Proxy16.getText(Unknown Source)
	at pos.pageobjects.productspage.CategoryPage.getSuccessMessage(CategoryPage.java:77)
	at pos.tests.products.category.CreateCategoryTest.createSuccessCategoryTest(CreateCategoryTest.java:57)
	at java.base/java.util.ArrayList.forEach(ArrayList.java:1596)
... Removed 28 stack frames</pre></div><a href='#' onClick='toggleBox("stack-trace674925270", this, "Click to show all stack frames", "Click to hide stack frames")'>Click to show all stack frames</a>
<div class='stack-trace' id='stack-trace674925270'><pre>org.openqa.selenium.NoSuchElementException: no such element: Unable to locate element: {&quot;method&quot;:&quot;xpath&quot;,&quot;selector&quot;:&quot;//*[@id=&quot;swal2-title&quot;]&quot;}
  (Session info: chrome=125.0.6422.77)
For documentation on this error, please visit: https://www.selenium.dev/documentation/webdriver/troubleshooting/errors#no-such-element-exception
Build info: version: &apos;4.19.1&apos;, revision: &apos;abe0ee07dc&apos;
System info: os.name: &apos;Windows 11&apos;, os.arch: &apos;amd64&apos;, os.version: &apos;10.0&apos;, java.version: &apos;21.0.2&apos;
Driver info: org.openqa.selenium.chrome.ChromeDriver
Command: [3c436866f44da868249aba1e9e4bb21d, findElement {value=//*[@id=&quot;swal2-title&quot;], using=xpath}]
Capabilities {acceptInsecureCerts: false, browserName: chrome, browserVersion: 125.0.6422.77, chrome: {chromedriverVersion: 125.0.6422.78 (14db42ec38ad..., userDataDir: C:\Users\Admin\AppData\Loca...}, fedcm:accounts: true, goog:chromeOptions: {debuggerAddress: localhost:51910}, networkConnectionEnabled: false, pageLoadStrategy: normal, platformName: windows, proxy: Proxy(), se:cdp: ws://localhost:51910/devtoo..., se:cdpVersion: 125.0.6422.77, setWindowRect: true, strictFileInteractability: false, timeouts: {implicit: 0, pageLoad: 300000, script: 30000}, unhandledPromptBehavior: dismiss and notify, webauthn:extension:credBlob: true, webauthn:extension:largeBlob: true, webauthn:extension:minPinLength: true, webauthn:extension:prf: true, webauthn:virtualAuthenticators: true}
Session ID: 3c436866f44da868249aba1e9e4bb21d
	at java.base/jdk.internal.reflect.DirectConstructorHandleAccessor.newInstance(DirectConstructorHandleAccessor.java:62)
	at java.base/java.lang.reflect.Constructor.newInstanceWithCaller(Constructor.java:502)
	at java.base/java.lang.reflect.Constructor.newInstance(Constructor.java:486)
	at org.openqa.selenium.remote.ErrorCodec.decode(ErrorCodec.java:167)
	at org.openqa.selenium.remote.codec.w3c.W3CHttpResponseCodec.decode(W3CHttpResponseCodec.java:138)
	at org.openqa.selenium.remote.codec.w3c.W3CHttpResponseCodec.decode(W3CHttpResponseCodec.java:50)
	at org.openqa.selenium.remote.HttpCommandExecutor.execute(HttpCommandExecutor.java:190)
	at org.openqa.selenium.remote.service.DriverCommandExecutor.invokeExecute(DriverCommandExecutor.java:216)
	at org.openqa.selenium.remote.service.DriverCommandExecutor.execute(DriverCommandExecutor.java:174)
	at org.openqa.selenium.remote.RemoteWebDriver.execute(RemoteWebDriver.java:518)
	at org.openqa.selenium.remote.ElementLocation$ElementFinder$2.findElement(ElementLocation.java:165)
	at org.openqa.selenium.remote.ElementLocation.findElement(ElementLocation.java:59)
	at org.openqa.selenium.remote.RemoteWebDriver.findElement(RemoteWebDriver.java:355)
	at org.openqa.selenium.remote.RemoteWebDriver.findElement(RemoteWebDriver.java:349)
	at org.openqa.selenium.support.pagefactory.DefaultElementLocator.findElement(DefaultElementLocator.java:68)
	at org.openqa.selenium.support.pagefactory.internal.LocatingElementHandler.invoke(LocatingElementHandler.java:38)
	at jdk.proxy2/jdk.proxy2.$Proxy16.getText(Unknown Source)
	at pos.pageobjects.productspage.CategoryPage.getSuccessMessage(CategoryPage.java:77)
	at pos.tests.products.category.CreateCategoryTest.createSuccessCategoryTest(CreateCategoryTest.java:57)
	at java.base/jdk.internal.reflect.DirectMethodHandleAccessor.invoke(DirectMethodHandleAccessor.java:103)
	at java.base/java.lang.reflect.Method.invoke(Method.java:580)
	at org.testng.internal.MethodInvocationHelper.invokeMethod(MethodInvocationHelper.java:133)
	at org.testng.internal.TestInvoker.invokeMethod(TestInvoker.java:598)
	at org.testng.internal.TestInvoker.invokeTestMethod(TestInvoker.java:173)
	at org.testng.internal.MethodRunner.runInSequence(MethodRunner.java:46)
	at org.testng.internal.TestInvoker$MethodInvocationAgent.invoke(TestInvoker.java:824)
	at org.testng.internal.TestInvoker.invokeTestMethods(TestInvoker.java:146)
	at org.testng.internal.TestMethodWorker.invokeTestMethods(TestMethodWorker.java:146)
	at org.testng.internal.TestMethodWorker.run(TestMethodWorker.java:128)
	at java.base/java.util.ArrayList.forEach(ArrayList.java:1596)
	at org.testng.TestRunner.privateRun(TestRunner.java:794)
	at org.testng.TestRunner.run(TestRunner.java:596)
	at org.testng.SuiteRunner.runTest(SuiteRunner.java:377)
	at org.testng.SuiteRunner.runSequentially(SuiteRunner.java:371)
	at org.testng.SuiteRunner.privateRun(SuiteRunner.java:332)
	at org.testng.SuiteRunner.run(SuiteRunner.java:276)
	at org.testng.SuiteRunnerWorker.runSuite(SuiteRunnerWorker.java:53)
	at org.testng.SuiteRunnerWorker.run(SuiteRunnerWorker.java:96)
	at org.testng.TestNG.runSuitesSequentially(TestNG.java:1212)
	at org.testng.TestNG.runSuitesLocally(TestNG.java:1134)
	at org.testng.TestNG.runSuites(TestNG.java:1063)
	at org.testng.TestNG.run(TestNG.java:1031)
	at org.testng.remote.AbstractRemoteTestNG.run(AbstractRemoteTestNG.java:115)
	at org.testng.remote.RemoteTestNG.initAndRun(RemoteTestNG.java:251)
	at org.testng.remote.RemoteTestNG.main(RemoteTestNG.java:77)
</pre></div></td>
<td>20</td>
<td>pos.tests.products.category.CreateCategoryTest@12591ac8</td></tr>
</table><p>
<table width='100%' border='1' class='invocation-passed'>
<tr><td colspan='4' align='center'><b>PASSED TESTS</b></td></tr>
<tr><td><b>Test method</b></td>
<td width="30%"><b>Exception</b></td>
<td width="10%"><b>Time (seconds)</b></td>
<td><b>Instance</b></td>
</tr>
<tr>
<td title='pos.tests.products.product.CreateProductTest.createProductTest()'><b>createProductTest</b><br>Test class: pos.tests.products.product.CreateProductTest<br>Parameters: pos.form.products.ProductForm@5c7eeeb2</td>
<td></td>
<td>15</td>
<td>pos.tests.products.product.CreateProductTest@1b66c0fb</td></tr>
<tr>
<td title='pos.tests.products.category.CreateCategoryTest.createSuccessCategoryTest()'><b>createSuccessCategoryTest</b><br>Test class: pos.tests.products.category.CreateCategoryTest<br>Parameters: LLK, Kids</td>
<td></td>
<td>12</td>
<td>pos.tests.products.category.CreateCategoryTest@12591ac8</td></tr>
<tr>
<td title='pos.tests.products.product.CreateProductTest.createProductTest()'><b>createProductTest</b><br>Test class: pos.tests.products.product.CreateProductTest<br>Parameters: pos.form.products.ProductForm@49231d79</td>
<td></td>
<td>15</td>
<td>pos.tests.products.product.CreateProductTest@1b66c0fb</td></tr>
<tr>
<td title='pos.tests.products.product.CreateProductTest.createProductTest()'><b>createProductTest</b><br>Test class: pos.tests.products.product.CreateProductTest<br>Parameters: pos.form.products.ProductForm@6ae67bf6</td>
<td></td>
<td>15</td>
<td>pos.tests.products.product.CreateProductTest@1b66c0fb</td></tr>
<tr>
<td title='pos.tests.products.product.DeleteProductTest.deleteProduct()'><b>deleteProduct</b><br>Test class: pos.tests.products.product.DeleteProductTest<br>Parameters: super.admin@test.com, 12345678</td>
<td></td>
<td>12</td>
<td>pos.tests.products.product.DeleteProductTest@24c1b2d2</td></tr>
<tr>
<td title='pos.tests.products.category.DeleteCategoryTest.deleteCategory()'><b>deleteCategory</b><br>Test class: pos.tests.products.category.DeleteCategoryTest<br>Parameters: super.admin@test.com, 12345678</td>
<td></td>
<td>12</td>
<td>pos.tests.products.category.DeleteCategoryTest@41330d4f</td></tr>
<tr>
<td title='pos.tests.products.category.CreateCategoryTest.createSuccessCategoryTest()'><b>createSuccessCategoryTest</b><br>Test class: pos.tests.products.category.CreateCategoryTest<br>Parameters: SZI, Home</td>
<td></td>
<td>11</td>
<td>pos.tests.products.category.CreateCategoryTest@12591ac8</td></tr>
<tr>
<td title='pos.tests.products.product.CreateProductTest.createProductTest()'><b>createProductTest</b><br>Test class: pos.tests.products.product.CreateProductTest<br>Parameters: pos.form.products.ProductForm@30c98124</td>
<td></td>
<td>14</td>
<td>pos.tests.products.product.CreateProductTest@1b66c0fb</td></tr>
<tr>
<td title='pos.tests.products.product.UpdateProductTest.updateProductTest()'><b>updateProductTest</b><br>Test class: pos.tests.products.product.UpdateProductTest<br>Parameters: super.admin@test.com, 12345678</td>
<td></td>
<td>13</td>
<td>pos.tests.products.product.UpdateProductTest@3e0e1046</td></tr>
<tr>
<td title='pos.tests.products.product.CreateProductTest.createProductTest()'><b>createProductTest</b><br>Test class: pos.tests.products.product.CreateProductTest<br>Parameters: pos.form.products.ProductForm@43ee4942</td>
<td></td>
<td>14</td>
<td>pos.tests.products.product.CreateProductTest@1b66c0fb</td></tr>
<tr>
<td title='pos.tests.products.category.CreateCategoryTest.createFailedCategorySuccess()'><b>createFailedCategorySuccess</b><br>Test class: pos.tests.products.category.CreateCategoryTest<br>Parameters: ATM, Automation</td>
<td></td>
<td>12</td>
<td>pos.tests.products.category.CreateCategoryTest@12591ac8</td></tr>
<tr>
<td title='pos.tests.products.category.VisibleCategoryTest.visibleCategoriesTable()'><b>visibleCategoriesTable</b><br>Test class: pos.tests.products.category.VisibleCategoryTest<br>Parameters: super.admin@test.com, 12345678</td>
<td></td>
<td>8</td>
<td>pos.tests.products.category.VisibleCategoryTest@5a7fe64f</td></tr>
<tr>
<td title='pos.tests.products.product.CreateProductTest.createProductTest()'><b>createProductTest</b><br>Test class: pos.tests.products.product.CreateProductTest<br>Parameters: pos.form.products.ProductForm@1e2a39b7</td>
<td></td>
<td>15</td>
<td>pos.tests.products.product.CreateProductTest@1b66c0fb</td></tr>
<tr>
<td title='pos.tests.products.category.UpdateCategoryTest.updateCategorySuccessTest()'><b>updateCategorySuccessTest</b><br>Test class: pos.tests.products.category.UpdateCategoryTest<br>Parameters: BLP, Blackpink</td>
<td></td>
<td>13</td>
<td>pos.tests.products.category.UpdateCategoryTest@38145825</td></tr>
<tr>
<td title='pos.tests.products.category.CreateCategoryTest.createSuccessCategoryTest()'><b>createSuccessCategoryTest</b><br>Test class: pos.tests.products.category.CreateCategoryTest<br>Parameters: GXX, Books</td>
<td></td>
<td>13</td>
<td>pos.tests.products.category.CreateCategoryTest@12591ac8</td></tr>
<tr>
<td title='pos.tests.products.category.CreateCategoryTest.createSuccessCategoryTest()'><b>createSuccessCategoryTest</b><br>Test class: pos.tests.products.category.CreateCategoryTest<br>Parameters: OSW, Computers</td>
<td></td>
<td>12</td>
<td>pos.tests.products.category.CreateCategoryTest@12591ac8</td></tr>
<tr>
<td title='pos.tests.products.product.CreateProductTest.createProductTest()'><b>createProductTest</b><br>Test class: pos.tests.products.product.CreateProductTest<br>Parameters: pos.form.products.ProductForm@503358e6</td>
<td></td>
<td>14</td>
<td>pos.tests.products.product.CreateProductTest@1b66c0fb</td></tr>
<tr>
<td title='pos.tests.products.product.CreateProductTest.createProductTest()'><b>createProductTest</b><br>Test class: pos.tests.products.product.CreateProductTest<br>Parameters: pos.form.products.ProductForm@7dbf92aa</td>
<td></td>
<td>15</td>
<td>pos.tests.products.product.CreateProductTest@1b66c0fb</td></tr>
<tr>
<td title='pos.tests.products.product.CreateProductTest.createProductTest()'><b>createProductTest</b><br>Test class: pos.tests.products.product.CreateProductTest<br>Parameters: pos.form.products.ProductForm@43e9a8a2</td>
<td></td>
<td>14</td>
<td>pos.tests.products.product.CreateProductTest@1b66c0fb</td></tr>
<tr>
<td title='pos.tests.products.product.CreateProductTest.createProductTest()'><b>createProductTest</b><br>Test class: pos.tests.products.product.CreateProductTest<br>Parameters: pos.form.products.ProductForm@5e78dd7f</td>
<td></td>
<td>15</td>
<td>pos.tests.products.product.CreateProductTest@1b66c0fb</td></tr>
<tr>
<td title='pos.tests.products.product.CreateProductTest.createProductTest()'><b>createProductTest</b><br>Test class: pos.tests.products.product.CreateProductTest<br>Parameters: pos.form.products.ProductForm@2926f7bd</td>
<td></td>
<td>15</td>
<td>pos.tests.products.product.CreateProductTest@1b66c0fb</td></tr>
<tr>
<td title='pos.tests.products.category.CreateCategoryTest.createSuccessCategoryTest()'><b>createSuccessCategoryTest</b><br>Test class: pos.tests.products.category.CreateCategoryTest<br>Parameters: WWT, Movies</td>
<td></td>
<td>11</td>
<td>pos.tests.products.category.CreateCategoryTest@12591ac8</td></tr>
<tr>
<td title='pos.tests.products.category.UpdateCategoryTest.updateCategoryFailedTest()'><b>updateCategoryFailedTest</b><br>Test class: pos.tests.products.category.UpdateCategoryTest<br>Parameters: ATM, Bangtan Boys</td>
<td></td>
<td>12</td>
<td>pos.tests.products.category.UpdateCategoryTest@38145825</td></tr>
<tr>
<td title='pos.tests.products.category.CreateCategoryTest.createSuccessCategoryTest()'><b>createSuccessCategoryTest</b><br>Test class: pos.tests.products.category.CreateCategoryTest<br>Parameters: MTH, Toys</td>
<td></td>
<td>16</td>
<td>pos.tests.products.category.CreateCategoryTest@12591ac8</td></tr>
<tr>
<td title='pos.tests.products.category.CreateCategoryTest.createSuccessCategoryTest()'><b>createSuccessCategoryTest</b><br>Test class: pos.tests.products.category.CreateCategoryTest<br>Parameters: ATM, Automation</td>
<td></td>
<td>11</td>
<td>pos.tests.products.category.CreateCategoryTest@12591ac8</td></tr>
<tr>
<td title='pos.tests.products.category.CreateCategoryTest.createSuccessCategoryTest()'><b>createSuccessCategoryTest</b><br>Test class: pos.tests.products.category.CreateCategoryTest<br>Parameters: BHS, Music</td>
<td></td>
<td>12</td>
<td>pos.tests.products.category.CreateCategoryTest@12591ac8</td></tr>
<tr>
<td title='pos.tests.products.category.CreateCategoryTest.createSuccessCategoryTest()'><b>createSuccessCategoryTest</b><br>Test class: pos.tests.products.category.CreateCategoryTest<br>Parameters: CBG, Health</td>
<td></td>
<td>12</td>
<td>pos.tests.products.category.CreateCategoryTest@12591ac8</td></tr>
<tr>
<td title='pos.tests.products.category.CreateCategoryTest.createSuccessCategoryTest()'><b>createSuccessCategoryTest</b><br>Test class: pos.tests.products.category.CreateCategoryTest<br>Parameters: ZQN, Baby</td>
<td></td>
<td>11</td>
<td>pos.tests.products.category.CreateCategoryTest@12591ac8</td></tr>
<tr>
<td title='pos.tests.products.category.CreateCategoryTest.createSuccessCategoryTest()'><b>createSuccessCategoryTest</b><br>Test class: pos.tests.products.category.CreateCategoryTest<br>Parameters: HSV, Sports</td>
<td></td>
<td>12</td>
<td>pos.tests.products.category.CreateCategoryTest@12591ac8</td></tr>
<tr>
<td title='pos.tests.products.category.CreateCategoryTest.createSuccessCategoryTest()'><b>createSuccessCategoryTest</b><br>Test class: pos.tests.products.category.CreateCategoryTest<br>Parameters: LMP, Shoes</td>
<td></td>
<td>12</td>
<td>pos.tests.products.category.CreateCategoryTest@12591ac8</td></tr>
<tr>
<td title='pos.tests.products.product.CreateProductTest.createProductTest()'><b>createProductTest</b><br>Test class: pos.tests.products.product.CreateProductTest<br>Parameters: pos.form.products.ProductForm@767cacee</td>
<td></td>
<td>19</td>
<td>pos.tests.products.product.CreateProductTest@1b66c0fb</td></tr>
<tr>
<td title='pos.tests.products.product.CreateProductTest.createProductTest()'><b>createProductTest</b><br>Test class: pos.tests.products.product.CreateProductTest<br>Parameters: pos.form.products.ProductForm@29ac632a</td>
<td></td>
<td>14</td>
<td>pos.tests.products.product.CreateProductTest@1b66c0fb</td></tr>
<tr>
<td title='pos.tests.products.category.CreateCategoryTest.createSuccessCategoryTest()'><b>createSuccessCategoryTest</b><br>Test class: pos.tests.products.category.CreateCategoryTest<br>Parameters: CZU, Tools</td>
<td></td>
<td>12</td>
<td>pos.tests.products.category.CreateCategoryTest@12591ac8</td></tr>
<tr>
<td title='pos.tests.products.product.CreateProductTest.createProductTest()'><b>createProductTest</b><br>Test class: pos.tests.products.product.CreateProductTest<br>Parameters: pos.form.products.ProductForm@7ef9c234</td>
<td></td>
<td>15</td>
<td>pos.tests.products.product.CreateProductTest@1b66c0fb</td></tr>
<tr>
<td title='pos.tests.products.product.CreateProductTest.createProductTest()'><b>createProductTest</b><br>Test class: pos.tests.products.product.CreateProductTest<br>Parameters: pos.form.products.ProductForm@6ccd3cf1</td>
<td></td>
<td>14</td>
<td>pos.tests.products.product.CreateProductTest@1b66c0fb</td></tr>
<tr>
<td title='pos.tests.products.product.CreateProductTest.createProductTest()'><b>createProductTest</b><br>Test class: pos.tests.products.product.CreateProductTest<br>Parameters: pos.form.products.ProductForm@31906cb2</td>
<td></td>
<td>15</td>
<td>pos.tests.products.product.CreateProductTest@1b66c0fb</td></tr>
</table><p>
</body>
</html>