<?xml version="1.0" encoding="UTF-8"?>
<!-- Generated by org.testng.reporters.JUnitXMLReporter -->
<testsuite ignored="0" hostname="DESKTOP-NAM685B" failures="1" tests="12" name="PurchasesTest" time="333.284" errors="0"
           timestamp="2024-06-26T14:35:43 ICT">
    <testcase classname="pos.tests.purchases.CreatePurchaseTest" name="createPurchaseTest" time="25.669"/>
    <testcase classname="pos.tests.purchases.CreatePurchaseTest" name="createPurchaseTest" time="23.197"/>
    <testcase classname="pos.tests.purchases.CreatePurchaseTest" name="createPurchaseTest" time="15.301">
        <failure type="org.openqa.selenium.ElementNotInteractableException" message="element not interactable
  (Session info: chrome=126.0.6478.116)
Build info: version: &amp;apos;4.19.1&amp;apos;, revision: &amp;apos;abe0ee07dc&amp;apos;
System info: os.name: &amp;apos;Windows 11&amp;apos;, os.arch: &amp;apos;amd64&amp;apos;, os.version: &amp;apos;10.0&amp;apos;, java.version: &amp;apos;21.0.2&amp;apos;
Driver info: org.openqa.selenium.chrome.ChromeDriver
Command: [17229fd8b9610da63691e469ec6d1cb7, clickElement {id=f.802DED668D75C3810209CE550D217719.d.A28C48BA6D75DF86B21355C83368480D.e.22}]
Capabilities {acceptInsecureCerts: false, browserName: chrome, browserVersion: 126.0.6478.116, chrome: {chromedriverVersion: 126.0.6478.126 (d36ace6122e..., userDataDir: C:\Users\Admin\AppData\Loca...}, fedcm:accounts: true, goog:chromeOptions: {debuggerAddress: localhost:61670}, networkConnectionEnabled: false, pageLoadStrategy: normal, platformName: windows, proxy: Proxy(), se:cdp: ws://localhost:61670/devtoo..., se:cdpVersion: 126.0.6478.116, setWindowRect: true, strictFileInteractability: false, timeouts: {implicit: 0, pageLoad: 300000, script: 30000}, unhandledPromptBehavior: dismiss and notify, webauthn:extension:credBlob: true, webauthn:extension:largeBlob: true, webauthn:extension:minPinLength: true, webauthn:extension:prf: true, webauthn:virtualAuthenticators: true}
Element: [[ChromeDriver: chrome on windows (17229fd8b9610da63691e469ec6d1cb7)] -&amp;gt; xpath: //*[@id=&amp;quot;sidebar&amp;quot;]/ul/li[5]/ul[1]/li/a]
Session ID: 17229fd8b9610da63691e469ec6d1cb7">
            <![CDATA[org.openqa.selenium.ElementNotInteractableException: element not interactable
  (Session info: chrome=126.0.6478.116)
Build info: version: '4.19.1', revision: 'abe0ee07dc'
System info: os.name: 'Windows 11', os.arch: 'amd64', os.version: '10.0', java.version: '21.0.2'
Driver info: org.openqa.selenium.chrome.ChromeDriver
Command: [17229fd8b9610da63691e469ec6d1cb7, clickElement {id=f.802DED668D75C3810209CE550D217719.d.A28C48BA6D75DF86B21355C83368480D.e.22}]
Capabilities {acceptInsecureCerts: false, browserName: chrome, browserVersion: 126.0.6478.116, chrome: {chromedriverVersion: 126.0.6478.126 (d36ace6122e..., userDataDir: C:\Users\Admin\AppData\Loca...}, fedcm:accounts: true, goog:chromeOptions: {debuggerAddress: localhost:61670}, networkConnectionEnabled: false, pageLoadStrategy: normal, platformName: windows, proxy: Proxy(), se:cdp: ws://localhost:61670/devtoo..., se:cdpVersion: 126.0.6478.116, setWindowRect: true, strictFileInteractability: false, timeouts: {implicit: 0, pageLoad: 300000, script: 30000}, unhandledPromptBehavior: dismiss and notify, webauthn:extension:credBlob: true, webauthn:extension:largeBlob: true, webauthn:extension:minPinLength: true, webauthn:extension:prf: true, webauthn:virtualAuthenticators: true}
Element: [[ChromeDriver: chrome on windows (17229fd8b9610da63691e469ec6d1cb7)] -> xpath: //*[@id="sidebar"]/ul/li[5]/ul[1]/li/a]
Session ID: 17229fd8b9610da63691e469ec6d1cb7
at org.openqa.selenium.remote.ErrorCodec.decode(ErrorCodec.java:167)
at org.openqa.selenium.remote.codec.w3c.W3CHttpResponseCodec.decode(W3CHttpResponseCodec.java:138)
at org.openqa.selenium.remote.codec.w3c.W3CHttpResponseCodec.decode(W3CHttpResponseCodec.java:50)
at org.openqa.selenium.remote.HttpCommandExecutor.execute(HttpCommandExecutor.java:190)
at org.openqa.selenium.remote.service.DriverCommandExecutor.invokeExecute(DriverCommandExecutor.java:216)
at org.openqa.selenium.remote.service.DriverCommandExecutor.execute(DriverCommandExecutor.java:174)
at org.openqa.selenium.remote.RemoteWebDriver.execute(RemoteWebDriver.java:518)
at org.openqa.selenium.remote.RemoteWebElement.execute(RemoteWebElement.java:223)
at org.openqa.selenium.remote.RemoteWebElement.click(RemoteWebElement.java:76)
at org.openqa.selenium.support.pagefactory.internal.LocatingElementHandler.invoke(LocatingElementHandler.java:51)
at jdk.proxy2/jdk.proxy2.$Proxy16.click(Unknown Source)
at pos.abstractcomponents.AbstractComponents.goToCreatePurchasePage(AbstractComponents.java:191)
at pos.tests.purchases.CreatePurchaseTest.fillForm(CreatePurchaseTest.java:38)
at pos.tests.purchases.CreatePurchaseTest.createPurchaseTest(CreatePurchaseTest.java:57)
at java.base/java.util.ArrayList.forEach(ArrayList.java:1596)
... Removed 30 stack frames]]>
        </failure>
    </testcase> <!-- createPurchaseTest -->
    <testcase classname="pos.tests.purchases.CreatePurchaseTest" name="createPurchaseTest" time="35.833"/>
    <testcase classname="pos.tests.purchases.CreatePurchaseTest" name="createPurchaseTest" time="21.778"/>
    <testcase classname="pos.tests.purchases.CreatePurchaseTest" name="createPurchaseTest" time="22.893"/>
    <testcase classname="pos.tests.purchases.CreatePurchaseTest" name="createPurchaseTest" time="22.372"/>
    <testcase classname="pos.tests.purchases.CreatePurchaseTest" name="createPurchaseTest" time="23.685"/>
    <testcase classname="pos.tests.purchases.VisiblePurchasesTableTest" name="visibleCategoriesTable" time="20.558"/>
    <testcase classname="pos.tests.purchases.AddPaymentTest" name="addPaymentTest" time="15.037"/>
    <testcase classname="pos.tests.purchases.DeletePaymentTest" name="deletePaymentsTest" time="15.446"/>
    <testcase classname="pos.tests.purchases.DeletePurchaseTest" name="testDeletePurchase" time="22.868"/>
</testsuite> <!-- PurchasesTest -->
