<html>
<head>
<title>TestNG:  PurchasesTest</title>
<link href="../testng.css" rel="stylesheet" type="text/css" />
<link href="../my-testng.css" rel="stylesheet" type="text/css" />

<style type="text/css">
.log { display: none;} 
.stack-trace { display: none;} 
</style>
<script type="text/javascript">
<!--
function flip(e) {
  current = e.style.display;
  if (current == 'block') {
    e.style.display = 'none';
    return 0;
  }
  else {
    e.style.display = 'block';
    return 1;
  }
}

function toggleBox(szDivId, elem, msg1, msg2)
{
  var res = -1;  if (document.getElementById) {
    res = flip(document.getElementById(szDivId));
  }
  else if (document.all) {
    // this is the way old msie versions work
    res = flip(document.all[szDivId]);
  }
  if(elem) {
    if(res == 0) elem.innerHTML = msg1; else elem.innerHTML = msg2;
  }

}

function toggleAllBoxes() {
  if (document.getElementsByTagName) {
    d = document.getElementsByTagName('div');
    for (i = 0; i < d.length; i++) {
      if (d[i].className == 'log') {
        flip(d[i]);
      }
    }
  }
}

// -->
</script>

</head>
<body>
<h2 align='center'>PurchasesTest</h2><table border='1' align="center">
<tr>
<td>Tests passed/Failed/Skipped:</td><td>11/1/0</td>
</tr><tr>
<td>Started on:</td><td>Wed Jun 26 14:30:10 ICT 2024</td>
</tr>
<tr><td>Total time:</td><td>333 seconds (333284 ms)</td>
</tr><tr>
<td>Included groups:</td><td></td>
</tr><tr>
<td>Excluded groups:</td><td></td>
</tr>
</table><p/>
<small><i>(Hover the method name to see the test class name)</i></small><p/>
<table width='100%' border='1' class='invocation-failed'>
<tr><td colspan='4' align='center'><b>FAILED TESTS</b></td></tr>
<tr><td><b>Test method</b></td>
<td width="30%"><b>Exception</b></td>
<td width="10%"><b>Time (seconds)</b></td>
<td><b>Instance</b></td>
</tr>
<tr>
<td title='pos.tests.purchases.CreatePurchaseTest.createPurchaseTest()'><b>createPurchaseTest</b><br>Test class: pos.tests.purchases.CreatePurchaseTest<br>Parameters: pos.form.purchases.CreatePurchaseForm@7a9eccc4</td>
<td><div><pre>org.openqa.selenium.ElementNotInteractableException: element not interactable
  (Session info: chrome=126.0.6478.116)
Build info: version: &apos;4.19.1&apos;, revision: &apos;abe0ee07dc&apos;
System info: os.name: &apos;Windows 11&apos;, os.arch: &apos;amd64&apos;, os.version: &apos;10.0&apos;, java.version: &apos;21.0.2&apos;
Driver info: org.openqa.selenium.chrome.ChromeDriver
Command: [17229fd8b9610da63691e469ec6d1cb7, clickElement {id=f.802DED668D75C3810209CE550D217719.d.A28C48BA6D75DF86B21355C83368480D.e.22}]
Capabilities {acceptInsecureCerts: false, browserName: chrome, browserVersion: 126.0.6478.116, chrome: {chromedriverVersion: 126.0.6478.126 (d36ace6122e..., userDataDir: C:\Users\Admin\AppData\Loca...}, fedcm:accounts: true, goog:chromeOptions: {debuggerAddress: localhost:61670}, networkConnectionEnabled: false, pageLoadStrategy: normal, platformName: windows, proxy: Proxy(), se:cdp: ws://localhost:61670/devtoo..., se:cdpVersion: 126.0.6478.116, setWindowRect: true, strictFileInteractability: false, timeouts: {implicit: 0, pageLoad: 300000, script: 30000}, unhandledPromptBehavior: dismiss and notify, webauthn:extension:credBlob: true, webauthn:extension:largeBlob: true, webauthn:extension:minPinLength: true, webauthn:extension:prf: true, webauthn:virtualAuthenticators: true}
Element: [[ChromeDriver: chrome on windows (17229fd8b9610da63691e469ec6d1cb7)] -&gt; xpath: //*[@id=&quot;sidebar&quot;]/ul/li[5]/ul[1]/li/a]
Session ID: 17229fd8b9610da63691e469ec6d1cb7
	at org.openqa.selenium.remote.ErrorCodec.decode(ErrorCodec.java:167)
	at org.openqa.selenium.remote.codec.w3c.W3CHttpResponseCodec.decode(W3CHttpResponseCodec.java:138)
	at org.openqa.selenium.remote.codec.w3c.W3CHttpResponseCodec.decode(W3CHttpResponseCodec.java:50)
	at org.openqa.selenium.remote.HttpCommandExecutor.execute(HttpCommandExecutor.java:190)
	at org.openqa.selenium.remote.service.DriverCommandExecutor.invokeExecute(DriverCommandExecutor.java:216)
	at org.openqa.selenium.remote.service.DriverCommandExecutor.execute(DriverCommandExecutor.java:174)
	at org.openqa.selenium.remote.RemoteWebDriver.execute(RemoteWebDriver.java:518)
	at org.openqa.selenium.remote.RemoteWebElement.execute(RemoteWebElement.java:223)
	at org.openqa.selenium.remote.RemoteWebElement.click(RemoteWebElement.java:76)
	at org.openqa.selenium.support.pagefactory.internal.LocatingElementHandler.invoke(LocatingElementHandler.java:51)
	at jdk.proxy2/jdk.proxy2.$Proxy16.click(Unknown Source)
	at pos.abstractcomponents.AbstractComponents.goToCreatePurchasePage(AbstractComponents.java:191)
	at pos.tests.purchases.CreatePurchaseTest.fillForm(CreatePurchaseTest.java:38)
	at pos.tests.purchases.CreatePurchaseTest.createPurchaseTest(CreatePurchaseTest.java:57)
	at java.base/java.util.ArrayList.forEach(ArrayList.java:1596)
... Removed 30 stack frames</pre></div><a href='#' onClick='toggleBox("stack-trace825605925", this, "Click to show all stack frames", "Click to hide stack frames")'>Click to show all stack frames</a>
<div class='stack-trace' id='stack-trace825605925'><pre>org.openqa.selenium.ElementNotInteractableException: element not interactable
  (Session info: chrome=126.0.6478.116)
Build info: version: &apos;4.19.1&apos;, revision: &apos;abe0ee07dc&apos;
System info: os.name: &apos;Windows 11&apos;, os.arch: &apos;amd64&apos;, os.version: &apos;10.0&apos;, java.version: &apos;21.0.2&apos;
Driver info: org.openqa.selenium.chrome.ChromeDriver
Command: [17229fd8b9610da63691e469ec6d1cb7, clickElement {id=f.802DED668D75C3810209CE550D217719.d.A28C48BA6D75DF86B21355C83368480D.e.22}]
Capabilities {acceptInsecureCerts: false, browserName: chrome, browserVersion: 126.0.6478.116, chrome: {chromedriverVersion: 126.0.6478.126 (d36ace6122e..., userDataDir: C:\Users\Admin\AppData\Loca...}, fedcm:accounts: true, goog:chromeOptions: {debuggerAddress: localhost:61670}, networkConnectionEnabled: false, pageLoadStrategy: normal, platformName: windows, proxy: Proxy(), se:cdp: ws://localhost:61670/devtoo..., se:cdpVersion: 126.0.6478.116, setWindowRect: true, strictFileInteractability: false, timeouts: {implicit: 0, pageLoad: 300000, script: 30000}, unhandledPromptBehavior: dismiss and notify, webauthn:extension:credBlob: true, webauthn:extension:largeBlob: true, webauthn:extension:minPinLength: true, webauthn:extension:prf: true, webauthn:virtualAuthenticators: true}
Element: [[ChromeDriver: chrome on windows (17229fd8b9610da63691e469ec6d1cb7)] -&gt; xpath: //*[@id=&quot;sidebar&quot;]/ul/li[5]/ul[1]/li/a]
Session ID: 17229fd8b9610da63691e469ec6d1cb7
	at java.base/jdk.internal.reflect.DirectConstructorHandleAccessor.newInstance(DirectConstructorHandleAccessor.java:62)
	at java.base/java.lang.reflect.Constructor.newInstanceWithCaller(Constructor.java:502)
	at java.base/java.lang.reflect.Constructor.newInstance(Constructor.java:486)
	at org.openqa.selenium.remote.ErrorCodec.decode(ErrorCodec.java:167)
	at org.openqa.selenium.remote.codec.w3c.W3CHttpResponseCodec.decode(W3CHttpResponseCodec.java:138)
	at org.openqa.selenium.remote.codec.w3c.W3CHttpResponseCodec.decode(W3CHttpResponseCodec.java:50)
	at org.openqa.selenium.remote.HttpCommandExecutor.execute(HttpCommandExecutor.java:190)
	at org.openqa.selenium.remote.service.DriverCommandExecutor.invokeExecute(DriverCommandExecutor.java:216)
	at org.openqa.selenium.remote.service.DriverCommandExecutor.execute(DriverCommandExecutor.java:174)
	at org.openqa.selenium.remote.RemoteWebDriver.execute(RemoteWebDriver.java:518)
	at org.openqa.selenium.remote.RemoteWebElement.execute(RemoteWebElement.java:223)
	at org.openqa.selenium.remote.RemoteWebElement.click(RemoteWebElement.java:76)
	at java.base/jdk.internal.reflect.DirectMethodHandleAccessor.invoke(DirectMethodHandleAccessor.java:103)
	at java.base/java.lang.reflect.Method.invoke(Method.java:580)
	at org.openqa.selenium.support.pagefactory.internal.LocatingElementHandler.invoke(LocatingElementHandler.java:51)
	at jdk.proxy2/jdk.proxy2.$Proxy16.click(Unknown Source)
	at pos.abstractcomponents.AbstractComponents.goToCreatePurchasePage(AbstractComponents.java:191)
	at pos.tests.purchases.CreatePurchaseTest.fillForm(CreatePurchaseTest.java:38)
	at pos.tests.purchases.CreatePurchaseTest.createPurchaseTest(CreatePurchaseTest.java:57)
	at java.base/jdk.internal.reflect.DirectMethodHandleAccessor.invoke(DirectMethodHandleAccessor.java:103)
	at java.base/java.lang.reflect.Method.invoke(Method.java:580)
	at org.testng.internal.MethodInvocationHelper.invokeMethod(MethodInvocationHelper.java:133)
	at org.testng.internal.TestInvoker.invokeMethod(TestInvoker.java:598)
	at org.testng.internal.TestInvoker.invokeTestMethod(TestInvoker.java:173)
	at org.testng.internal.MethodRunner.runInSequence(MethodRunner.java:46)
	at org.testng.internal.TestInvoker$MethodInvocationAgent.invoke(TestInvoker.java:824)
	at org.testng.internal.TestInvoker.invokeTestMethods(TestInvoker.java:146)
	at org.testng.internal.TestMethodWorker.invokeTestMethods(TestMethodWorker.java:146)
	at org.testng.internal.TestMethodWorker.run(TestMethodWorker.java:128)
	at java.base/java.util.ArrayList.forEach(ArrayList.java:1596)
	at org.testng.TestRunner.privateRun(TestRunner.java:794)
	at org.testng.TestRunner.run(TestRunner.java:596)
	at org.testng.SuiteRunner.runTest(SuiteRunner.java:377)
	at org.testng.SuiteRunner.runSequentially(SuiteRunner.java:371)
	at org.testng.SuiteRunner.privateRun(SuiteRunner.java:332)
	at org.testng.SuiteRunner.run(SuiteRunner.java:276)
	at org.testng.SuiteRunnerWorker.runSuite(SuiteRunnerWorker.java:53)
	at org.testng.SuiteRunnerWorker.run(SuiteRunnerWorker.java:96)
	at org.testng.TestNG.runSuitesSequentially(TestNG.java:1212)
	at org.testng.TestNG.runSuitesLocally(TestNG.java:1134)
	at org.testng.TestNG.runSuites(TestNG.java:1063)
	at org.testng.TestNG.run(TestNG.java:1031)
	at org.testng.remote.AbstractRemoteTestNG.run(AbstractRemoteTestNG.java:115)
	at org.testng.remote.RemoteTestNG.initAndRun(RemoteTestNG.java:251)
	at org.testng.remote.RemoteTestNG.main(RemoteTestNG.java:77)
</pre></div></td>
<td>15</td>
<td>pos.tests.purchases.CreatePurchaseTest@3de8f619</td></tr>
</table><p>
<table width='100%' border='1' class='invocation-passed'>
<tr><td colspan='4' align='center'><b>PASSED TESTS</b></td></tr>
<tr><td><b>Test method</b></td>
<td width="30%"><b>Exception</b></td>
<td width="10%"><b>Time (seconds)</b></td>
<td><b>Instance</b></td>
</tr>
<tr>
<td title='pos.tests.purchases.DeletePaymentTest.deletePaymentsTest()'><b>deletePaymentsTest</b><br>Test class: pos.tests.purchases.DeletePaymentTest</td>
<td></td>
<td>15</td>
<td>pos.tests.purchases.DeletePaymentTest@30f842ca</td></tr>
<tr>
<td title='pos.tests.purchases.CreatePurchaseTest.createPurchaseTest()'><b>createPurchaseTest</b><br>Test class: pos.tests.purchases.CreatePurchaseTest<br>Parameters: pos.form.purchases.CreatePurchaseForm@5438c17a</td>
<td></td>
<td>35</td>
<td>pos.tests.purchases.CreatePurchaseTest@3de8f619</td></tr>
<tr>
<td title='pos.tests.purchases.CreatePurchaseTest.createPurchaseTest()'><b>createPurchaseTest</b><br>Test class: pos.tests.purchases.CreatePurchaseTest<br>Parameters: pos.form.purchases.CreatePurchaseForm@3a543f31</td>
<td></td>
<td>25</td>
<td>pos.tests.purchases.CreatePurchaseTest@3de8f619</td></tr>
<tr>
<td title='pos.tests.purchases.CreatePurchaseTest.createPurchaseTest()'><b>createPurchaseTest</b><br>Test class: pos.tests.purchases.CreatePurchaseTest<br>Parameters: pos.form.purchases.CreatePurchaseForm@60d40ff4</td>
<td></td>
<td>23</td>
<td>pos.tests.purchases.CreatePurchaseTest@3de8f619</td></tr>
<tr>
<td title='pos.tests.purchases.CreatePurchaseTest.createPurchaseTest()'><b>createPurchaseTest</b><br>Test class: pos.tests.purchases.CreatePurchaseTest<br>Parameters: pos.form.purchases.CreatePurchaseForm@11c7a0b4</td>
<td></td>
<td>22</td>
<td>pos.tests.purchases.CreatePurchaseTest@3de8f619</td></tr>
<tr>
<td title='pos.tests.purchases.CreatePurchaseTest.createPurchaseTest()'><b>createPurchaseTest</b><br>Test class: pos.tests.purchases.CreatePurchaseTest<br>Parameters: pos.form.purchases.CreatePurchaseForm@325162e9</td>
<td></td>
<td>22</td>
<td>pos.tests.purchases.CreatePurchaseTest@3de8f619</td></tr>
<tr>
<td title='pos.tests.purchases.CreatePurchaseTest.createPurchaseTest()'><b>createPurchaseTest</b><br>Test class: pos.tests.purchases.CreatePurchaseTest<br>Parameters: pos.form.purchases.CreatePurchaseForm@7dd3981e</td>
<td></td>
<td>23</td>
<td>pos.tests.purchases.CreatePurchaseTest@3de8f619</td></tr>
<tr>
<td title='pos.tests.purchases.CreatePurchaseTest.createPurchaseTest()'><b>createPurchaseTest</b><br>Test class: pos.tests.purchases.CreatePurchaseTest<br>Parameters: pos.form.purchases.CreatePurchaseForm@10f477e2</td>
<td></td>
<td>21</td>
<td>pos.tests.purchases.CreatePurchaseTest@3de8f619</td></tr>
<tr>
<td title='pos.tests.purchases.VisiblePurchasesTableTest.visibleCategoriesTable()'><b>visibleCategoriesTable</b><br>Test class: pos.tests.purchases.VisiblePurchasesTableTest</td>
<td></td>
<td>20</td>
<td>pos.tests.purchases.VisiblePurchasesTableTest@55de24cc</td></tr>
<tr>
<td title='pos.tests.purchases.AddPaymentTest.addPaymentTest()'><b>addPaymentTest</b><br>Test class: pos.tests.purchases.AddPaymentTest</td>
<td></td>
<td>15</td>
<td>pos.tests.purchases.AddPaymentTest@dc7df28</td></tr>
<tr>
<td title='pos.tests.purchases.DeletePurchaseTest.testDeletePurchase()'><b>testDeletePurchase</b><br>Test class: pos.tests.purchases.DeletePurchaseTest</td>
<td></td>
<td>22</td>
<td>pos.tests.purchases.DeletePurchaseTest@69c81773</td></tr>
</table><p>
</body>
</html>