<?xml version="1.0" encoding="UTF-8"?>
<!-- Generated by org.testng.reporters.JUnitXMLReporter -->
<testsuite ignored="0" hostname="DESKTOP-NAM685B" failures="1" tests="24" name="SalesTest" time="440.337" errors="0" timestamp="2024-06-26T11:45:28 ICT">
  <testcase classname="pos.tests.sales.CreateSaleTest" name="createProductTest" time="12.817"/>
  <testcase classname="pos.tests.sales.CreateSaleTest" name="createProductTest" time="12.067"/>
  <testcase classname="pos.tests.sales.CreateSaleTest" name="createProductTest" time="12.333"/>
  <testcase classname="pos.tests.sales.CreateSaleTest" name="createProductTest" time="12.087"/>
  <testcase classname="pos.tests.sales.CreateSaleTest" name="createProductTest" time="16.908"/>
  <testcase classname="pos.tests.sales.CreateSaleTest" name="createProductTest" time="15.74"/>
  <testcase classname="pos.tests.sales.CreateSaleTest" name="createProductTest" time="17.871"/>
  <testcase classname="pos.tests.sales.CreateSaleTest" name="createProductTest" time="18.236"/>
  <testcase classname="pos.tests.sales.CreateSaleTest" name="createProductTest" time="22.144">
    <failure type="java.lang.AssertionError">
      <![CDATA[java.lang.AssertionError: 
at pos.tests.sales.CreateSaleTest.createProductTest(CreateSaleTest.java:61)
at java.base/java.util.ArrayList.forEach(ArrayList.java:1596)
... Removed 28 stack frames]]>
    </failure>
  </testcase> <!-- createProductTest -->
  <testcase classname="pos.tests.sales.CreateSaleTest" name="createProductTest" time="15.672"/>
  <testcase classname="pos.tests.sales.CreateSaleTest" name="createProductTest" time="17.141"/>
  <testcase classname="pos.tests.sales.CreateSaleTest" name="createProductTest" time="16.823"/>
  <testcase classname="pos.tests.sales.CreateSaleTest" name="createProductTest" time="17.324"/>
  <testcase classname="pos.tests.sales.CreateSaleTest" name="createProductTest" time="18.135"/>
  <testcase classname="pos.tests.sales.CreateSaleTest" name="createProductTest" time="17.293"/>
  <testcase classname="pos.tests.sales.CreateSaleTest" name="createProductTest" time="16.583"/>
  <testcase classname="pos.tests.sales.CreateSaleTest" name="createProductTest" time="16.134"/>
  <testcase classname="pos.tests.sales.CreateSaleTest" name="createProductTest" time="16.638"/>
  <testcase classname="pos.tests.sales.CreateSaleTest" name="createProductTest" time="16.337"/>
  <testcase classname="pos.tests.sales.CreateSaleTest" name="createProductTest" time="21.637"/>
  <testcase classname="pos.tests.sales.VisibleSalesTableTest" name="visibleCategoriesTable" time="6.662"/>
  <testcase classname="pos.tests.sales.DeleteSaleTest" name="testDeleteSale" time="10.366"/>
  <testcase classname="pos.tests.sales.AddPaymentTest" name="addPaymentTest" time="9.841"/>
  <testcase classname="pos.tests.sales.DeletePaymentTest" name="deletePaymentsTest" time="11.105"/>
</testsuite> <!-- SalesTest -->
