<html>
<head>
<title>TestNG:  SalesTest</title>
<link href="../testng.css" rel="stylesheet" type="text/css" />
<link href="../my-testng.css" rel="stylesheet" type="text/css" />

<style type="text/css">
.log { display: none;} 
.stack-trace { display: none;} 
</style>
<script type="text/javascript">
<!--
function flip(e) {
  current = e.style.display;
  if (current == 'block') {
    e.style.display = 'none';
    return 0;
  }
  else {
    e.style.display = 'block';
    return 1;
  }
}

function toggleBox(szDivId, elem, msg1, msg2)
{
  var res = -1;  if (document.getElementById) {
    res = flip(document.getElementById(szDivId));
  }
  else if (document.all) {
    // this is the way old msie versions work
    res = flip(document.all[szDivId]);
  }
  if(elem) {
    if(res == 0) elem.innerHTML = msg1; else elem.innerHTML = msg2;
  }

}

function toggleAllBoxes() {
  if (document.getElementsByTagName) {
    d = document.getElementsByTagName('div');
    for (i = 0; i < d.length; i++) {
      if (d[i].className == 'log') {
        flip(d[i]);
      }
    }
  }
}

// -->
</script>

</head>
<body>
<h2 align='center'>SalesTest</h2><table border='1' align="center">
<tr>
<td>Tests passed/Failed/Skipped:</td><td>23/1/0</td>
</tr><tr>
<td>Started on:</td><td>Wed Jun 26 11:38:07 ICT 2024</td>
</tr>
<tr><td>Total time:</td><td>440 seconds (440337 ms)</td>
</tr><tr>
<td>Included groups:</td><td></td>
</tr><tr>
<td>Excluded groups:</td><td></td>
</tr>
</table><p/>
<small><i>(Hover the method name to see the test class name)</i></small><p/>
<table width='100%' border='1' class='invocation-failed'>
<tr><td colspan='4' align='center'><b>FAILED TESTS</b></td></tr>
<tr><td><b>Test method</b></td>
<td width="30%"><b>Exception</b></td>
<td width="10%"><b>Time (seconds)</b></td>
<td><b>Instance</b></td>
</tr>
<tr>
<td title='pos.tests.sales.CreateSaleTest.createProductTest()'><b>createProductTest</b><br>Test class: pos.tests.sales.CreateSaleTest<br>Parameters: pos.form.sales.CreateSaleForm@595ec862</td>
<td><div><pre>java.lang.AssertionError: 
	at pos.tests.sales.CreateSaleTest.createProductTest(CreateSaleTest.java:61)
	at java.base/java.util.ArrayList.forEach(ArrayList.java:1596)
... Removed 28 stack frames</pre></div><a href='#' onClick='toggleBox("stack-trace1056925766", this, "Click to show all stack frames", "Click to hide stack frames")'>Click to show all stack frames</a>
<div class='stack-trace' id='stack-trace1056925766'><pre>java.lang.AssertionError: 
	at org.testng.AssertJUnit.fail(AssertJUnit.java:65)
	at org.testng.AssertJUnit.assertTrue(AssertJUnit.java:23)
	at org.testng.AssertJUnit.assertTrue(AssertJUnit.java:33)
	at pos.tests.sales.CreateSaleTest.createProductTest(CreateSaleTest.java:61)
	at java.base/jdk.internal.reflect.DirectMethodHandleAccessor.invoke(DirectMethodHandleAccessor.java:103)
	at java.base/java.lang.reflect.Method.invoke(Method.java:580)
	at org.testng.internal.MethodInvocationHelper.invokeMethod(MethodInvocationHelper.java:133)
	at org.testng.internal.TestInvoker.invokeMethod(TestInvoker.java:598)
	at org.testng.internal.TestInvoker.invokeTestMethod(TestInvoker.java:173)
	at org.testng.internal.MethodRunner.runInSequence(MethodRunner.java:46)
	at org.testng.internal.TestInvoker$MethodInvocationAgent.invoke(TestInvoker.java:824)
	at org.testng.internal.TestInvoker.invokeTestMethods(TestInvoker.java:146)
	at org.testng.internal.TestMethodWorker.invokeTestMethods(TestMethodWorker.java:146)
	at org.testng.internal.TestMethodWorker.run(TestMethodWorker.java:128)
	at java.base/java.util.ArrayList.forEach(ArrayList.java:1596)
	at org.testng.TestRunner.privateRun(TestRunner.java:794)
	at org.testng.TestRunner.run(TestRunner.java:596)
	at org.testng.SuiteRunner.runTest(SuiteRunner.java:377)
	at org.testng.SuiteRunner.runSequentially(SuiteRunner.java:371)
	at org.testng.SuiteRunner.privateRun(SuiteRunner.java:332)
	at org.testng.SuiteRunner.run(SuiteRunner.java:276)
	at org.testng.SuiteRunnerWorker.runSuite(SuiteRunnerWorker.java:53)
	at org.testng.SuiteRunnerWorker.run(SuiteRunnerWorker.java:96)
	at org.testng.TestNG.runSuitesSequentially(TestNG.java:1212)
	at org.testng.TestNG.runSuitesLocally(TestNG.java:1134)
	at org.testng.TestNG.runSuites(TestNG.java:1063)
	at org.testng.TestNG.run(TestNG.java:1031)
	at org.testng.remote.AbstractRemoteTestNG.run(AbstractRemoteTestNG.java:115)
	at org.testng.remote.RemoteTestNG.initAndRun(RemoteTestNG.java:251)
	at org.testng.remote.RemoteTestNG.main(RemoteTestNG.java:77)
</pre></div></td>
<td>22</td>
<td>pos.tests.sales.CreateSaleTest@3de8f619</td></tr>
</table><p>
<table width='100%' border='1' class='invocation-passed'>
<tr><td colspan='4' align='center'><b>PASSED TESTS</b></td></tr>
<tr><td><b>Test method</b></td>
<td width="30%"><b>Exception</b></td>
<td width="10%"><b>Time (seconds)</b></td>
<td><b>Instance</b></td>
</tr>
<tr>
<td title='pos.tests.sales.CreateSaleTest.createProductTest()'><b>createProductTest</b><br>Test class: pos.tests.sales.CreateSaleTest<br>Parameters: pos.form.sales.CreateSaleForm@7add323c</td>
<td></td>
<td>12</td>
<td>pos.tests.sales.CreateSaleTest@3de8f619</td></tr>
<tr>
<td title='pos.tests.sales.CreateSaleTest.createProductTest()'><b>createProductTest</b><br>Test class: pos.tests.sales.CreateSaleTest<br>Parameters: pos.form.sales.CreateSaleForm@6edc8385</td>
<td></td>
<td>16</td>
<td>pos.tests.sales.CreateSaleTest@3de8f619</td></tr>
<tr>
<td title='pos.tests.sales.CreateSaleTest.createProductTest()'><b>createProductTest</b><br>Test class: pos.tests.sales.CreateSaleTest<br>Parameters: pos.form.sales.CreateSaleForm@2a73a64f</td>
<td></td>
<td>16</td>
<td>pos.tests.sales.CreateSaleTest@3de8f619</td></tr>
<tr>
<td title='pos.tests.sales.AddPaymentTest.addPaymentTest()'><b>addPaymentTest</b><br>Test class: pos.tests.sales.AddPaymentTest</td>
<td></td>
<td>9</td>
<td>pos.tests.sales.AddPaymentTest@30f842ca</td></tr>
<tr>
<td title='pos.tests.sales.CreateSaleTest.createProductTest()'><b>createProductTest</b><br>Test class: pos.tests.sales.CreateSaleTest<br>Parameters: pos.form.sales.CreateSaleForm@3a33d655</td>
<td></td>
<td>21</td>
<td>pos.tests.sales.CreateSaleTest@3de8f619</td></tr>
<tr>
<td title='pos.tests.sales.VisibleSalesTableTest.visibleCategoriesTable()'><b>visibleCategoriesTable</b><br>Test class: pos.tests.sales.VisibleSalesTableTest</td>
<td></td>
<td>6</td>
<td>pos.tests.sales.VisibleSalesTableTest@55de24cc</td></tr>
<tr>
<td title='pos.tests.sales.DeletePaymentTest.deletePaymentsTest()'><b>deletePaymentsTest</b><br>Test class: pos.tests.sales.DeletePaymentTest</td>
<td></td>
<td>11</td>
<td>pos.tests.sales.DeletePaymentTest@69c81773</td></tr>
<tr>
<td title='pos.tests.sales.CreateSaleTest.createProductTest()'><b>createProductTest</b><br>Test class: pos.tests.sales.CreateSaleTest<br>Parameters: pos.form.sales.CreateSaleForm@a0bf272</td>
<td></td>
<td>16</td>
<td>pos.tests.sales.CreateSaleTest@3de8f619</td></tr>
<tr>
<td title='pos.tests.sales.CreateSaleTest.createProductTest()'><b>createProductTest</b><br>Test class: pos.tests.sales.CreateSaleTest<br>Parameters: pos.form.sales.CreateSaleForm@6d229b1c</td>
<td></td>
<td>12</td>
<td>pos.tests.sales.CreateSaleTest@3de8f619</td></tr>
<tr>
<td title='pos.tests.sales.CreateSaleTest.createProductTest()'><b>createProductTest</b><br>Test class: pos.tests.sales.CreateSaleTest<br>Parameters: pos.form.sales.CreateSaleForm@167279d1</td>
<td></td>
<td>12</td>
<td>pos.tests.sales.CreateSaleTest@3de8f619</td></tr>
<tr>
<td title='pos.tests.sales.CreateSaleTest.createProductTest()'><b>createProductTest</b><br>Test class: pos.tests.sales.CreateSaleTest<br>Parameters: pos.form.sales.CreateSaleForm@72168258</td>
<td></td>
<td>17</td>
<td>pos.tests.sales.CreateSaleTest@3de8f619</td></tr>
<tr>
<td title='pos.tests.sales.CreateSaleTest.createProductTest()'><b>createProductTest</b><br>Test class: pos.tests.sales.CreateSaleTest<br>Parameters: pos.form.sales.CreateSaleForm@69860811</td>
<td></td>
<td>16</td>
<td>pos.tests.sales.CreateSaleTest@3de8f619</td></tr>
<tr>
<td title='pos.tests.sales.CreateSaleTest.createProductTest()'><b>createProductTest</b><br>Test class: pos.tests.sales.CreateSaleTest<br>Parameters: pos.form.sales.CreateSaleForm@2b4954a4</td>
<td></td>
<td>17</td>
<td>pos.tests.sales.CreateSaleTest@3de8f619</td></tr>
<tr>
<td title='pos.tests.sales.CreateSaleTest.createProductTest()'><b>createProductTest</b><br>Test class: pos.tests.sales.CreateSaleTest<br>Parameters: pos.form.sales.CreateSaleForm@523f3c29</td>
<td></td>
<td>18</td>
<td>pos.tests.sales.CreateSaleTest@3de8f619</td></tr>
<tr>
<td title='pos.tests.sales.CreateSaleTest.createProductTest()'><b>createProductTest</b><br>Test class: pos.tests.sales.CreateSaleTest<br>Parameters: pos.form.sales.CreateSaleForm@7598d675</td>
<td></td>
<td>15</td>
<td>pos.tests.sales.CreateSaleTest@3de8f619</td></tr>
<tr>
<td title='pos.tests.sales.CreateSaleTest.createProductTest()'><b>createProductTest</b><br>Test class: pos.tests.sales.CreateSaleTest<br>Parameters: pos.form.sales.CreateSaleForm@74130456</td>
<td></td>
<td>16</td>
<td>pos.tests.sales.CreateSaleTest@3de8f619</td></tr>
<tr>
<td title='pos.tests.sales.CreateSaleTest.createProductTest()'><b>createProductTest</b><br>Test class: pos.tests.sales.CreateSaleTest<br>Parameters: pos.form.sales.CreateSaleForm@6d001fbe</td>
<td></td>
<td>18</td>
<td>pos.tests.sales.CreateSaleTest@3de8f619</td></tr>
<tr>
<td title='pos.tests.sales.CreateSaleTest.createProductTest()'><b>createProductTest</b><br>Test class: pos.tests.sales.CreateSaleTest<br>Parameters: pos.form.sales.CreateSaleForm@4ee25d80</td>
<td></td>
<td>12</td>
<td>pos.tests.sales.CreateSaleTest@3de8f619</td></tr>
<tr>
<td title='pos.tests.sales.CreateSaleTest.createProductTest()'><b>createProductTest</b><br>Test class: pos.tests.sales.CreateSaleTest<br>Parameters: pos.form.sales.CreateSaleForm@13edc1bc</td>
<td></td>
<td>16</td>
<td>pos.tests.sales.CreateSaleTest@3de8f619</td></tr>
<tr>
<td title='pos.tests.sales.CreateSaleTest.createProductTest()'><b>createProductTest</b><br>Test class: pos.tests.sales.CreateSaleTest<br>Parameters: pos.form.sales.CreateSaleForm@f95d64d</td>
<td></td>
<td>17</td>
<td>pos.tests.sales.CreateSaleTest@3de8f619</td></tr>
<tr>
<td title='pos.tests.sales.CreateSaleTest.createProductTest()'><b>createProductTest</b><br>Test class: pos.tests.sales.CreateSaleTest<br>Parameters: pos.form.sales.CreateSaleForm@4d142b53</td>
<td></td>
<td>17</td>
<td>pos.tests.sales.CreateSaleTest@3de8f619</td></tr>
<tr>
<td title='pos.tests.sales.DeleteSaleTest.testDeleteSale()'><b>testDeleteSale</b><br>Test class: pos.tests.sales.DeleteSaleTest</td>
<td></td>
<td>10</td>
<td>pos.tests.sales.DeleteSaleTest@dc7df28</td></tr>
<tr>
<td title='pos.tests.sales.CreateSaleTest.createProductTest()'><b>createProductTest</b><br>Test class: pos.tests.sales.CreateSaleTest<br>Parameters: pos.form.sales.CreateSaleForm@43c7fe8a</td>
<td></td>
<td>15</td>
<td>pos.tests.sales.CreateSaleTest@3de8f619</td></tr>
</table><p>
</body>
</html>