<?xml version="1.0" encoding="UTF-8"?>
<!-- Generated by org.testng.reporters.JUnitXMLReporter -->
<testsuite ignored="0" hostname="DESKTOP-NAM685B" failures="1" tests="13" name="CustomersTest" time="186.333" errors="0" timestamp="2024-07-10T17:12:48 ICT">
  <testcase classname="pos.tests.parties.customerstest.CreateCustomerTest" name="createCustomerTest" time="7.633"/>
  <testcase classname="pos.tests.parties.customerstest.CreateCustomerTest" name="createCustomerTest" time="5.998"/>
  <testcase classname="pos.tests.parties.customerstest.CreateCustomerTest" name="createCustomerTest" time="11.081">
    <failure type="org.openqa.selenium.StaleElementReferenceException" message="stale element reference: stale element not found in the current frame
  (Session info: chrome=126.0.6478.127)
For documentation on this error, please visit: https://www.selenium.dev/documentation/webdriver/troubleshooting/errors#stale-element-reference-exception
Build info: version: &amp;apos;4.19.1&amp;apos;, revision: &amp;apos;abe0ee07dc&amp;apos;
System info: os.name: &amp;apos;Windows 11&amp;apos;, os.arch: &amp;apos;amd64&amp;apos;, os.version: &amp;apos;10.0&amp;apos;, java.version: &amp;apos;21.0.2&amp;apos;
Driver info: org.openqa.selenium.chrome.ChromeDriver
Command: [28418c4d49bbf8ac7dd11af7ac0a8a47, getElementText {id=f.706A691A829609F020053FD5FB197665.d.FB5B0FBEB6A8D6AAE0DF3E4885DCB2F5.e.213}]
Capabilities {acceptInsecureCerts: false, browserName: chrome, browserVersion: 126.0.6478.127, chrome: {chromedriverVersion: 126.0.6478.126 (d36ace6122e..., userDataDir: C:\Windows\SystemTemp\scope...}, fedcm:accounts: true, goog:chromeOptions: {debuggerAddress: localhost:63958}, networkConnectionEnabled: false, pageLoadStrategy: normal, platformName: windows, proxy: Proxy(), se:cdp: ws://localhost:63958/devtoo..., se:cdpVersion: 126.0.6478.127, setWindowRect: true, strictFileInteractability: false, timeouts: {implicit: 0, pageLoad: 300000, script: 30000}, unhandledPromptBehavior: dismiss and notify, webauthn:extension:credBlob: true, webauthn:extension:largeBlob: true, webauthn:extension:minPinLength: true, webauthn:extension:prf: true, webauthn:virtualAuthenticators: true}
Element: [[ChromeDriver: chrome on windows (28418c4d49bbf8ac7dd11af7ac0a8a47)] -&amp;gt; xpath: //*[@id=&amp;quot;swal2-title&amp;quot;]]
Session ID: 28418c4d49bbf8ac7dd11af7ac0a8a47">
      <![CDATA[org.openqa.selenium.StaleElementReferenceException: stale element reference: stale element not found in the current frame
  (Session info: chrome=126.0.6478.127)
For documentation on this error, please visit: https://www.selenium.dev/documentation/webdriver/troubleshooting/errors#stale-element-reference-exception
Build info: version: '4.19.1', revision: 'abe0ee07dc'
System info: os.name: 'Windows 11', os.arch: 'amd64', os.version: '10.0', java.version: '21.0.2'
Driver info: org.openqa.selenium.chrome.ChromeDriver
Command: [28418c4d49bbf8ac7dd11af7ac0a8a47, getElementText {id=f.706A691A829609F020053FD5FB197665.d.FB5B0FBEB6A8D6AAE0DF3E4885DCB2F5.e.213}]
Capabilities {acceptInsecureCerts: false, browserName: chrome, browserVersion: 126.0.6478.127, chrome: {chromedriverVersion: 126.0.6478.126 (d36ace6122e..., userDataDir: C:\Windows\SystemTemp\scope...}, fedcm:accounts: true, goog:chromeOptions: {debuggerAddress: localhost:63958}, networkConnectionEnabled: false, pageLoadStrategy: normal, platformName: windows, proxy: Proxy(), se:cdp: ws://localhost:63958/devtoo..., se:cdpVersion: 126.0.6478.127, setWindowRect: true, strictFileInteractability: false, timeouts: {implicit: 0, pageLoad: 300000, script: 30000}, unhandledPromptBehavior: dismiss and notify, webauthn:extension:credBlob: true, webauthn:extension:largeBlob: true, webauthn:extension:minPinLength: true, webauthn:extension:prf: true, webauthn:virtualAuthenticators: true}
Element: [[ChromeDriver: chrome on windows (28418c4d49bbf8ac7dd11af7ac0a8a47)] -> xpath: //*[@id="swal2-title"]]
Session ID: 28418c4d49bbf8ac7dd11af7ac0a8a47
at org.openqa.selenium.remote.ErrorCodec.decode(ErrorCodec.java:167)
at org.openqa.selenium.remote.codec.w3c.W3CHttpResponseCodec.decode(W3CHttpResponseCodec.java:138)
at org.openqa.selenium.remote.codec.w3c.W3CHttpResponseCodec.decode(W3CHttpResponseCodec.java:50)
at org.openqa.selenium.remote.HttpCommandExecutor.execute(HttpCommandExecutor.java:190)
at org.openqa.selenium.remote.service.DriverCommandExecutor.invokeExecute(DriverCommandExecutor.java:216)
at org.openqa.selenium.remote.service.DriverCommandExecutor.execute(DriverCommandExecutor.java:174)
at org.openqa.selenium.remote.RemoteWebDriver.execute(RemoteWebDriver.java:518)
at org.openqa.selenium.remote.RemoteWebElement.execute(RemoteWebElement.java:223)
at org.openqa.selenium.remote.RemoteWebElement.getText(RemoteWebElement.java:191)
at org.openqa.selenium.support.pagefactory.internal.LocatingElementHandler.invoke(LocatingElementHandler.java:51)
at jdk.proxy2/jdk.proxy2.$Proxy13.getText(Unknown Source)
at pos.pageobjects.parties.customerspage.CustomersPage.getSuccessMessage(CustomersPage.java:46)
at pos.tests.parties.customerstest.CreateCustomerTest.createCustomerTest(CreateCustomerTest.java:53)
at java.base/java.util.ArrayList.forEach(ArrayList.java:1596)
... Removed 34 stack frames]]>
    </failure>
  </testcase> <!-- createCustomerTest -->
  <testcase classname="pos.tests.parties.customerstest.CreateCustomerTest" name="createCustomerTest" time="6.88"/>
  <testcase classname="pos.tests.parties.customerstest.CreateCustomerTest" name="createCustomerTest" time="6.055"/>
  <testcase classname="pos.tests.parties.customerstest.CreateCustomerTest" name="createCustomerTest" time="6.434"/>
  <testcase classname="pos.tests.parties.customerstest.CreateCustomerTest" name="createCustomerTest" time="6.065"/>
  <testcase classname="pos.tests.parties.customerstest.CreateCustomerTest" name="createCustomerTest" time="5.852"/>
  <testcase classname="pos.tests.parties.customerstest.CreateCustomerTest" name="createCustomerTest" time="6.024"/>
  <testcase classname="pos.tests.parties.customerstest.CreateCustomerTest" name="createCustomerTest" time="6.071"/>
  <testcase classname="pos.tests.parties.customerstest.VisibleCustomerTableTest" name="visibleCustomerTableTest" time="5.648"/>
  <testcase classname="pos.tests.parties.customerstest.UpdateCustomerTest" name="updateCustomerTest" time="5.384"/>
  <testcase classname="pos.tests.parties.customerstest.DeleteCustomerTest" name="deleteCustomerTest" time="5.27"/>
</testsuite> <!-- CustomersTest -->
