<html>
<head>
<title>TestNG:  PurchasesTest</title>
<link href="../testng.css" rel="stylesheet" type="text/css" />
<link href="../my-testng.css" rel="stylesheet" type="text/css" />

<style type="text/css">
.log { display: none;} 
.stack-trace { display: none;} 
</style>
<script type="text/javascript">
<!--
function flip(e) {
  current = e.style.display;
  if (current == 'block') {
    e.style.display = 'none';
    return 0;
  }
  else {
    e.style.display = 'block';
    return 1;
  }
}

function toggleBox(szDivId, elem, msg1, msg2)
{
  var res = -1;  if (document.getElementById) {
    res = flip(document.getElementById(szDivId));
  }
  else if (document.all) {
    // this is the way old msie versions work
    res = flip(document.all[szDivId]);
  }
  if(elem) {
    if(res == 0) elem.innerHTML = msg1; else elem.innerHTML = msg2;
  }

}

function toggleAllBoxes() {
  if (document.getElementsByTagName) {
    d = document.getElementsByTagName('div');
    for (i = 0; i < d.length; i++) {
      if (d[i].className == 'log') {
        flip(d[i]);
      }
    }
  }
}

// -->
</script>

</head>
<body>
<h2 align='center'>PurchasesTest</h2><table border='1' align="center">
<tr>
<td>Tests passed/Failed/Skipped:</td><td>11/1/0</td>
</tr><tr>
<td>Started on:</td><td>Wed Jul 10 17:44:54 ICT 2024</td>
</tr>
<tr><td>Total time:</td><td>195 seconds (195352 ms)</td>
</tr><tr>
<td>Included groups:</td><td></td>
</tr><tr>
<td>Excluded groups:</td><td></td>
</tr>
</table><p/>
<small><i>(Hover the method name to see the test class name)</i></small><p/>
<table width='100%' border='1' class='invocation-failed'>
<tr><td colspan='4' align='center'><b>FAILED TESTS</b></td></tr>
<tr><td><b>Test method</b></td>
<td width="30%"><b>Exception</b></td>
<td width="10%"><b>Time (seconds)</b></td>
<td><b>Instance</b></td>
</tr>
<tr>
<td title='pos.tests.purchases.CreatePurchaseTest.createPurchaseTest()'><b>createPurchaseTest</b><br>Test class: pos.tests.purchases.CreatePurchaseTest<br>Parameters: pos.form.purchases.CreatePurchaseForm@5c7bf8e6</td>
<td><div><pre>org.openqa.selenium.NoSuchElementException: no such element: Unable to locate element: {&quot;method&quot;:&quot;xpath&quot;,&quot;selector&quot;:&quot;/html/body/div[2]/div/main/div/div[1]/div/div/div[4]/div/ul/li[1]/a&quot;}
  (Session info: chrome=126.0.6478.127)
For documentation on this error, please visit: https://www.selenium.dev/documentation/webdriver/troubleshooting/errors#no-such-element-exception
Build info: version: &apos;4.19.1&apos;, revision: &apos;abe0ee07dc&apos;
System info: os.name: &apos;Windows 11&apos;, os.arch: &apos;amd64&apos;, os.version: &apos;10.0&apos;, java.version: &apos;21.0.2&apos;
Driver info: org.openqa.selenium.chrome.ChromeDriver
Command: [477fdffc96081ae8faf163b24adfa238, findElement {using=xpath, value=/html/body/div[2]/div/main/div/div[1]/div/div/div[4]/div/ul/li[1]/a}]
Capabilities {acceptInsecureCerts: false, browserName: chrome, browserVersion: 126.0.6478.127, chrome: {chromedriverVersion: 126.0.6478.126 (d36ace6122e..., userDataDir: C:\Windows\SystemTemp\scope...}, fedcm:accounts: true, goog:chromeOptions: {debuggerAddress: localhost:52267}, networkConnectionEnabled: false, pageLoadStrategy: normal, platformName: windows, proxy: Proxy(), se:cdp: ws://localhost:52267/devtoo..., se:cdpVersion: 126.0.6478.127, setWindowRect: true, strictFileInteractability: false, timeouts: {implicit: 0, pageLoad: 300000, script: 30000}, unhandledPromptBehavior: dismiss and notify, webauthn:extension:credBlob: true, webauthn:extension:largeBlob: true, webauthn:extension:minPinLength: true, webauthn:extension:prf: true, webauthn:virtualAuthenticators: true}
Session ID: 477fdffc96081ae8faf163b24adfa238
	at org.openqa.selenium.remote.ErrorCodec.decode(ErrorCodec.java:167)
	at org.openqa.selenium.remote.codec.w3c.W3CHttpResponseCodec.decode(W3CHttpResponseCodec.java:138)
	at org.openqa.selenium.remote.codec.w3c.W3CHttpResponseCodec.decode(W3CHttpResponseCodec.java:50)
	at org.openqa.selenium.remote.HttpCommandExecutor.execute(HttpCommandExecutor.java:190)
	at org.openqa.selenium.remote.service.DriverCommandExecutor.invokeExecute(DriverCommandExecutor.java:216)
	at org.openqa.selenium.remote.service.DriverCommandExecutor.execute(DriverCommandExecutor.java:174)
	at org.openqa.selenium.remote.RemoteWebDriver.execute(RemoteWebDriver.java:518)
	at org.openqa.selenium.remote.ElementLocation$ElementFinder$2.findElement(ElementLocation.java:165)
	at org.openqa.selenium.remote.ElementLocation.findElement(ElementLocation.java:59)
	at org.openqa.selenium.remote.RemoteWebDriver.findElement(RemoteWebDriver.java:355)
	at org.openqa.selenium.remote.RemoteWebDriver.findElement(RemoteWebDriver.java:349)
	at org.openqa.selenium.support.pagefactory.DefaultElementLocator.findElement(DefaultElementLocator.java:68)
	at org.openqa.selenium.support.pagefactory.internal.LocatingElementHandler.invoke(LocatingElementHandler.java:38)
	at jdk.proxy2/jdk.proxy2.$Proxy13.click(Unknown Source)
	at pos.pageobjects.purchasespage.CreatePurchasePage.inputProducts(CreatePurchasePage.java:55)
	at pos.tests.purchases.CreatePurchaseTest.fillForm(CreatePurchaseTest.java:40)
	at pos.tests.purchases.CreatePurchaseTest.createPurchaseTest(CreatePurchaseTest.java:57)
	at java.base/java.util.ArrayList.forEach(ArrayList.java:1596)
... Removed 32 stack frames</pre></div><a href='#' onClick='toggleBox("stack-trace249812989", this, "Click to show all stack frames", "Click to hide stack frames")'>Click to show all stack frames</a>
<div class='stack-trace' id='stack-trace249812989'><pre>org.openqa.selenium.NoSuchElementException: no such element: Unable to locate element: {&quot;method&quot;:&quot;xpath&quot;,&quot;selector&quot;:&quot;/html/body/div[2]/div/main/div/div[1]/div/div/div[4]/div/ul/li[1]/a&quot;}
  (Session info: chrome=126.0.6478.127)
For documentation on this error, please visit: https://www.selenium.dev/documentation/webdriver/troubleshooting/errors#no-such-element-exception
Build info: version: &apos;4.19.1&apos;, revision: &apos;abe0ee07dc&apos;
System info: os.name: &apos;Windows 11&apos;, os.arch: &apos;amd64&apos;, os.version: &apos;10.0&apos;, java.version: &apos;21.0.2&apos;
Driver info: org.openqa.selenium.chrome.ChromeDriver
Command: [477fdffc96081ae8faf163b24adfa238, findElement {using=xpath, value=/html/body/div[2]/div/main/div/div[1]/div/div/div[4]/div/ul/li[1]/a}]
Capabilities {acceptInsecureCerts: false, browserName: chrome, browserVersion: 126.0.6478.127, chrome: {chromedriverVersion: 126.0.6478.126 (d36ace6122e..., userDataDir: C:\Windows\SystemTemp\scope...}, fedcm:accounts: true, goog:chromeOptions: {debuggerAddress: localhost:52267}, networkConnectionEnabled: false, pageLoadStrategy: normal, platformName: windows, proxy: Proxy(), se:cdp: ws://localhost:52267/devtoo..., se:cdpVersion: 126.0.6478.127, setWindowRect: true, strictFileInteractability: false, timeouts: {implicit: 0, pageLoad: 300000, script: 30000}, unhandledPromptBehavior: dismiss and notify, webauthn:extension:credBlob: true, webauthn:extension:largeBlob: true, webauthn:extension:minPinLength: true, webauthn:extension:prf: true, webauthn:virtualAuthenticators: true}
Session ID: 477fdffc96081ae8faf163b24adfa238
	at java.base/jdk.internal.reflect.DirectConstructorHandleAccessor.newInstance(DirectConstructorHandleAccessor.java:62)
	at java.base/java.lang.reflect.Constructor.newInstanceWithCaller(Constructor.java:502)
	at java.base/java.lang.reflect.Constructor.newInstance(Constructor.java:486)
	at org.openqa.selenium.remote.ErrorCodec.decode(ErrorCodec.java:167)
	at org.openqa.selenium.remote.codec.w3c.W3CHttpResponseCodec.decode(W3CHttpResponseCodec.java:138)
	at org.openqa.selenium.remote.codec.w3c.W3CHttpResponseCodec.decode(W3CHttpResponseCodec.java:50)
	at org.openqa.selenium.remote.HttpCommandExecutor.execute(HttpCommandExecutor.java:190)
	at org.openqa.selenium.remote.service.DriverCommandExecutor.invokeExecute(DriverCommandExecutor.java:216)
	at org.openqa.selenium.remote.service.DriverCommandExecutor.execute(DriverCommandExecutor.java:174)
	at org.openqa.selenium.remote.RemoteWebDriver.execute(RemoteWebDriver.java:518)
	at org.openqa.selenium.remote.ElementLocation$ElementFinder$2.findElement(ElementLocation.java:165)
	at org.openqa.selenium.remote.ElementLocation.findElement(ElementLocation.java:59)
	at org.openqa.selenium.remote.RemoteWebDriver.findElement(RemoteWebDriver.java:355)
	at org.openqa.selenium.remote.RemoteWebDriver.findElement(RemoteWebDriver.java:349)
	at org.openqa.selenium.support.pagefactory.DefaultElementLocator.findElement(DefaultElementLocator.java:68)
	at org.openqa.selenium.support.pagefactory.internal.LocatingElementHandler.invoke(LocatingElementHandler.java:38)
	at jdk.proxy2/jdk.proxy2.$Proxy13.click(Unknown Source)
	at pos.pageobjects.purchasespage.CreatePurchasePage.inputProducts(CreatePurchasePage.java:55)
	at pos.tests.purchases.CreatePurchaseTest.fillForm(CreatePurchaseTest.java:40)
	at pos.tests.purchases.CreatePurchaseTest.createPurchaseTest(CreatePurchaseTest.java:57)
	at java.base/jdk.internal.reflect.DirectMethodHandleAccessor.invoke(DirectMethodHandleAccessor.java:103)
	at java.base/java.lang.reflect.Method.invoke(Method.java:580)
	at org.testng.internal.MethodInvocationHelper.invokeMethod(MethodInvocationHelper.java:133)
	at org.testng.internal.TestInvoker.invokeMethod(TestInvoker.java:598)
	at org.testng.internal.TestInvoker.invokeTestMethod(TestInvoker.java:173)
	at org.testng.internal.MethodRunner.runInSequence(MethodRunner.java:46)
	at org.testng.internal.TestInvoker$MethodInvocationAgent.invoke(TestInvoker.java:824)
	at org.testng.internal.TestInvoker.invokeTestMethods(TestInvoker.java:146)
	at org.testng.internal.TestMethodWorker.invokeTestMethods(TestMethodWorker.java:146)
	at org.testng.internal.TestMethodWorker.run(TestMethodWorker.java:128)
	at java.base/java.util.ArrayList.forEach(ArrayList.java:1596)
	at org.testng.TestRunner.privateRun(TestRunner.java:794)
	at org.testng.TestRunner.run(TestRunner.java:596)
	at org.testng.SuiteRunner.runTest(SuiteRunner.java:377)
	at org.testng.SuiteRunner.runSequentially(SuiteRunner.java:371)
	at org.testng.SuiteRunner.privateRun(SuiteRunner.java:332)
	at org.testng.SuiteRunner.run(SuiteRunner.java:276)
	at org.testng.SuiteRunnerWorker.runSuite(SuiteRunnerWorker.java:53)
	at org.testng.SuiteRunnerWorker.run(SuiteRunnerWorker.java:96)
	at org.testng.TestNG.runSuitesSequentially(TestNG.java:1212)
	at org.testng.TestNG.runSuitesLocally(TestNG.java:1134)
	at org.testng.TestNG.runSuites(TestNG.java:1063)
	at org.testng.TestNG.run(TestNG.java:1031)
	at org.apache.maven.surefire.testng.TestNGExecutor.run(TestNGExecutor.java:308)
	at org.apache.maven.surefire.testng.TestNGXmlTestSuite.execute(TestNGXmlTestSuite.java:71)
	at org.apache.maven.surefire.testng.TestNGProvider.invoke(TestNGProvider.java:113)
	at org.apache.maven.surefire.booter.ForkedBooter.runSuitesInProcess(ForkedBooter.java:385)
	at org.apache.maven.surefire.booter.ForkedBooter.execute(ForkedBooter.java:162)
	at org.apache.maven.surefire.booter.ForkedBooter.run(ForkedBooter.java:507)
	at org.apache.maven.surefire.booter.ForkedBooter.main(ForkedBooter.java:495)
</pre></div></td>
<td>18</td>
<td>pos.tests.purchases.CreatePurchaseTest@65f8f5ae</td></tr>
</table><p>
<table width='100%' border='1' class='invocation-passed'>
<tr><td colspan='4' align='center'><b>PASSED TESTS</b></td></tr>
<tr><td><b>Test method</b></td>
<td width="30%"><b>Exception</b></td>
<td width="10%"><b>Time (seconds)</b></td>
<td><b>Instance</b></td>
</tr>
<tr>
<td title='pos.tests.purchases.AddPaymentTest.addPaymentTest()'><b>addPaymentTest</b><br>Test class: pos.tests.purchases.AddPaymentTest</td>
<td></td>
<td>5</td>
<td>pos.tests.purchases.AddPaymentTest@38467116</td></tr>
<tr>
<td title='pos.tests.purchases.DeletePaymentTest.deletePaymentsTest()'><b>deletePaymentsTest</b><br>Test class: pos.tests.purchases.DeletePaymentTest</td>
<td></td>
<td>5</td>
<td>pos.tests.purchases.DeletePaymentTest@5b7a7f33</td></tr>
<tr>
<td title='pos.tests.purchases.DeletePurchaseTest.testDeletePurchase()'><b>testDeletePurchase</b><br>Test class: pos.tests.purchases.DeletePurchaseTest</td>
<td></td>
<td>5</td>
<td>pos.tests.purchases.DeletePurchaseTest@790da477</td></tr>
<tr>
<td title='pos.tests.purchases.CreatePurchaseTest.createPurchaseTest()'><b>createPurchaseTest</b><br>Test class: pos.tests.purchases.CreatePurchaseTest<br>Parameters: pos.form.purchases.CreatePurchaseForm@65d29a96</td>
<td></td>
<td>12</td>
<td>pos.tests.purchases.CreatePurchaseTest@65f8f5ae</td></tr>
<tr>
<td title='pos.tests.purchases.CreatePurchaseTest.createPurchaseTest()'><b>createPurchaseTest</b><br>Test class: pos.tests.purchases.CreatePurchaseTest<br>Parameters: pos.form.purchases.CreatePurchaseForm@a969e79</td>
<td></td>
<td>12</td>
<td>pos.tests.purchases.CreatePurchaseTest@65f8f5ae</td></tr>
<tr>
<td title='pos.tests.purchases.VisiblePurchasesTableTest.visibleCategoriesTable()'><b>visibleCategoriesTable</b><br>Test class: pos.tests.purchases.VisiblePurchasesTableTest</td>
<td></td>
<td>2</td>
<td>pos.tests.purchases.VisiblePurchasesTableTest@431cd9b2</td></tr>
<tr>
<td title='pos.tests.purchases.CreatePurchaseTest.createPurchaseTest()'><b>createPurchaseTest</b><br>Test class: pos.tests.purchases.CreatePurchaseTest<br>Parameters: pos.form.purchases.CreatePurchaseForm@36c6be37</td>
<td></td>
<td>12</td>
<td>pos.tests.purchases.CreatePurchaseTest@65f8f5ae</td></tr>
<tr>
<td title='pos.tests.purchases.CreatePurchaseTest.createPurchaseTest()'><b>createPurchaseTest</b><br>Test class: pos.tests.purchases.CreatePurchaseTest<br>Parameters: pos.form.purchases.CreatePurchaseForm@55cd49c6</td>
<td></td>
<td>11</td>
<td>pos.tests.purchases.CreatePurchaseTest@65f8f5ae</td></tr>
<tr>
<td title='pos.tests.purchases.CreatePurchaseTest.createPurchaseTest()'><b>createPurchaseTest</b><br>Test class: pos.tests.purchases.CreatePurchaseTest<br>Parameters: pos.form.purchases.CreatePurchaseForm@16081cb</td>
<td></td>
<td>11</td>
<td>pos.tests.purchases.CreatePurchaseTest@65f8f5ae</td></tr>
<tr>
<td title='pos.tests.purchases.CreatePurchaseTest.createPurchaseTest()'><b>createPurchaseTest</b><br>Test class: pos.tests.purchases.CreatePurchaseTest<br>Parameters: pos.form.purchases.CreatePurchaseForm@2aa0c35c</td>
<td></td>
<td>12</td>
<td>pos.tests.purchases.CreatePurchaseTest@65f8f5ae</td></tr>
<tr>
<td title='pos.tests.purchases.CreatePurchaseTest.createPurchaseTest()'><b>createPurchaseTest</b><br>Test class: pos.tests.purchases.CreatePurchaseTest<br>Parameters: pos.form.purchases.CreatePurchaseForm@15022d1b</td>
<td></td>
<td>11</td>
<td>pos.tests.purchases.CreatePurchaseTest@65f8f5ae</td></tr>
</table><p>
</body>
</html>