<?xml version="1.0" encoding="UTF-8"?>
<!-- Generated by org.testng.reporters.JUnitXMLReporter -->
<testsuite ignored="0" hostname="DESKTOP-NAM685B" failures="3" tests="16" name="SaleReturnsTest" time="252.106" errors="0" timestamp="2024-07-10T17:44:54 ICT">
  <testcase classname="pos.tests.salereturns.CreateSaleReturnTest" name="createSaleReturnTest" time="10.237"/>
  <testcase classname="pos.tests.salereturns.CreateSaleReturnTest" name="createSaleReturnTest" time="13.286">
    <failure type="org.openqa.selenium.NoSuchElementException" message="no such element: Unable to locate element: {&amp;quot;method&amp;quot;:&amp;quot;xpath&amp;quot;,&amp;quot;selector&amp;quot;:&amp;quot;/html/body/div[2]/div/main/div/div[1]/div/div/div[4]/div/ul/li[1]/a&amp;quot;}
  (Session info: chrome=126.0.6478.127)
For documentation on this error, please visit: https://www.selenium.dev/documentation/webdriver/troubleshooting/errors#no-such-element-exception
Build info: version: &amp;apos;4.19.1&amp;apos;, revision: &amp;apos;abe0ee07dc&amp;apos;
System info: os.name: &amp;apos;Windows 11&amp;apos;, os.arch: &amp;apos;amd64&amp;apos;, os.version: &amp;apos;10.0&amp;apos;, java.version: &amp;apos;21.0.2&amp;apos;
Driver info: org.openqa.selenium.chrome.ChromeDriver
Command: [2a5ded6bca943aa14e6a36dda7a75366, findElement {using=xpath, value=/html/body/div[2]/div/main/div/div[1]/div/div/div[4]/div/ul/li[1]/a}]
Capabilities {acceptInsecureCerts: false, browserName: chrome, browserVersion: 126.0.6478.127, chrome: {chromedriverVersion: 126.0.6478.126 (d36ace6122e..., userDataDir: C:\Windows\SystemTemp\scope...}, fedcm:accounts: true, goog:chromeOptions: {debuggerAddress: localhost:51659}, networkConnectionEnabled: false, pageLoadStrategy: normal, platformName: windows, proxy: Proxy(), se:cdp: ws://localhost:51659/devtoo..., se:cdpVersion: 126.0.6478.127, setWindowRect: true, strictFileInteractability: false, timeouts: {implicit: 0, pageLoad: 300000, script: 30000}, unhandledPromptBehavior: dismiss and notify, webauthn:extension:credBlob: true, webauthn:extension:largeBlob: true, webauthn:extension:minPinLength: true, webauthn:extension:prf: true, webauthn:virtualAuthenticators: true}
Session ID: 2a5ded6bca943aa14e6a36dda7a75366">
      <![CDATA[org.openqa.selenium.NoSuchElementException: no such element: Unable to locate element: {"method":"xpath","selector":"/html/body/div[2]/div/main/div/div[1]/div/div/div[4]/div/ul/li[1]/a"}
  (Session info: chrome=126.0.6478.127)
For documentation on this error, please visit: https://www.selenium.dev/documentation/webdriver/troubleshooting/errors#no-such-element-exception
Build info: version: '4.19.1', revision: 'abe0ee07dc'
System info: os.name: 'Windows 11', os.arch: 'amd64', os.version: '10.0', java.version: '21.0.2'
Driver info: org.openqa.selenium.chrome.ChromeDriver
Command: [2a5ded6bca943aa14e6a36dda7a75366, findElement {using=xpath, value=/html/body/div[2]/div/main/div/div[1]/div/div/div[4]/div/ul/li[1]/a}]
Capabilities {acceptInsecureCerts: false, browserName: chrome, browserVersion: 126.0.6478.127, chrome: {chromedriverVersion: 126.0.6478.126 (d36ace6122e..., userDataDir: C:\Windows\SystemTemp\scope...}, fedcm:accounts: true, goog:chromeOptions: {debuggerAddress: localhost:51659}, networkConnectionEnabled: false, pageLoadStrategy: normal, platformName: windows, proxy: Proxy(), se:cdp: ws://localhost:51659/devtoo..., se:cdpVersion: 126.0.6478.127, setWindowRect: true, strictFileInteractability: false, timeouts: {implicit: 0, pageLoad: 300000, script: 30000}, unhandledPromptBehavior: dismiss and notify, webauthn:extension:credBlob: true, webauthn:extension:largeBlob: true, webauthn:extension:minPinLength: true, webauthn:extension:prf: true, webauthn:virtualAuthenticators: true}
Session ID: 2a5ded6bca943aa14e6a36dda7a75366
at org.openqa.selenium.remote.ErrorCodec.decode(ErrorCodec.java:167)
at org.openqa.selenium.remote.codec.w3c.W3CHttpResponseCodec.decode(W3CHttpResponseCodec.java:138)
at org.openqa.selenium.remote.codec.w3c.W3CHttpResponseCodec.decode(W3CHttpResponseCodec.java:50)
at org.openqa.selenium.remote.HttpCommandExecutor.execute(HttpCommandExecutor.java:190)
at org.openqa.selenium.remote.service.DriverCommandExecutor.invokeExecute(DriverCommandExecutor.java:216)
at org.openqa.selenium.remote.service.DriverCommandExecutor.execute(DriverCommandExecutor.java:174)
at org.openqa.selenium.remote.RemoteWebDriver.execute(RemoteWebDriver.java:518)
at org.openqa.selenium.remote.ElementLocation$ElementFinder$2.findElement(ElementLocation.java:165)
at org.openqa.selenium.remote.ElementLocation.findElement(ElementLocation.java:59)
at org.openqa.selenium.remote.RemoteWebDriver.findElement(RemoteWebDriver.java:355)
at org.openqa.selenium.remote.RemoteWebDriver.findElement(RemoteWebDriver.java:349)
at org.openqa.selenium.support.pagefactory.DefaultElementLocator.findElement(DefaultElementLocator.java:68)
at org.openqa.selenium.support.pagefactory.internal.LocatingElementHandler.invoke(LocatingElementHandler.java:38)
at jdk.proxy2/jdk.proxy2.$Proxy13.click(Unknown Source)
at pos.pageobjects.salereturnspage.CreateSaleReturnPage.inputProducts(CreateSaleReturnPage.java:55)
at pos.tests.salereturns.CreateSaleReturnTest.fillForm(CreateSaleReturnTest.java:40)
at pos.tests.salereturns.CreateSaleReturnTest.createSaleReturnTest(CreateSaleReturnTest.java:55)
at java.base/java.util.ArrayList.forEach(ArrayList.java:1596)
... Removed 32 stack frames]]>
    </failure>
  </testcase> <!-- createSaleReturnTest -->
  <testcase classname="pos.tests.salereturns.CreateSaleReturnTest" name="createSaleReturnTest" time="10.182"/>
  <testcase classname="pos.tests.salereturns.CreateSaleReturnTest" name="createSaleReturnTest" time="10.048"/>
  <testcase classname="pos.tests.salereturns.CreateSaleReturnTest" name="createSaleReturnTest" time="14.847">
    <failure type="org.openqa.selenium.NoSuchElementException" message="Cannot locate option with text: Kai
For documentation on this error, please visit: https://www.selenium.dev/documentation/webdriver/troubleshooting/errors#no-such-element-exception
Build info: version: &amp;apos;4.19.1&amp;apos;, revision: &amp;apos;abe0ee07dc&amp;apos;
System info: os.name: &amp;apos;Windows 11&amp;apos;, os.arch: &amp;apos;amd64&amp;apos;, os.version: &amp;apos;10.0&amp;apos;, java.version: &amp;apos;21.0.2&amp;apos;
Driver info: driver.version: unknown">
      <![CDATA[org.openqa.selenium.NoSuchElementException: Cannot locate option with text: Kai
For documentation on this error, please visit: https://www.selenium.dev/documentation/webdriver/troubleshooting/errors#no-such-element-exception
Build info: version: '4.19.1', revision: 'abe0ee07dc'
System info: os.name: 'Windows 11', os.arch: 'amd64', os.version: '10.0', java.version: '21.0.2'
Driver info: driver.version: unknown
at org.openqa.selenium.support.ui.Select.selectByVisibleText(Select.java:153)
at pos.pageobjects.salereturnspage.CreateSaleReturnPage.selectCustomer(CreateSaleReturnPage.java:60)
at pos.tests.salereturns.CreateSaleReturnTest.fillForm(CreateSaleReturnTest.java:41)
at pos.tests.salereturns.CreateSaleReturnTest.createSaleReturnTest(CreateSaleReturnTest.java:55)
at java.base/java.util.ArrayList.forEach(ArrayList.java:1596)
... Removed 29 stack frames]]>
    </failure>
  </testcase> <!-- createSaleReturnTest -->
  <testcase classname="pos.tests.salereturns.CreateSaleReturnTest" name="createSaleReturnTest" time="9.95"/>
  <testcase classname="pos.tests.salereturns.CreateSaleReturnTest" name="createSaleReturnTest" time="10.05"/>
  <testcase classname="pos.tests.salereturns.CreateSaleReturnTest" name="createSaleReturnTest" time="9.812"/>
  <testcase classname="pos.tests.salereturns.CreateSaleReturnTest" name="createSaleReturnTest" time="10.253"/>
  <testcase classname="pos.tests.salereturns.CreateSaleReturnTest" name="createSaleReturnTest" time="14.123">
    <failure type="org.openqa.selenium.NoSuchElementException" message="Cannot locate option with text: Kai
For documentation on this error, please visit: https://www.selenium.dev/documentation/webdriver/troubleshooting/errors#no-such-element-exception
Build info: version: &amp;apos;4.19.1&amp;apos;, revision: &amp;apos;abe0ee07dc&amp;apos;
System info: os.name: &amp;apos;Windows 11&amp;apos;, os.arch: &amp;apos;amd64&amp;apos;, os.version: &amp;apos;10.0&amp;apos;, java.version: &amp;apos;21.0.2&amp;apos;
Driver info: driver.version: unknown">
      <![CDATA[org.openqa.selenium.NoSuchElementException: Cannot locate option with text: Kai
For documentation on this error, please visit: https://www.selenium.dev/documentation/webdriver/troubleshooting/errors#no-such-element-exception
Build info: version: '4.19.1', revision: 'abe0ee07dc'
System info: os.name: 'Windows 11', os.arch: 'amd64', os.version: '10.0', java.version: '21.0.2'
Driver info: driver.version: unknown
at org.openqa.selenium.support.ui.Select.selectByVisibleText(Select.java:153)
at pos.pageobjects.salereturnspage.CreateSaleReturnPage.selectCustomer(CreateSaleReturnPage.java:60)
at pos.tests.salereturns.CreateSaleReturnTest.fillForm(CreateSaleReturnTest.java:41)
at pos.tests.salereturns.CreateSaleReturnTest.createSaleReturnTest(CreateSaleReturnTest.java:55)
at java.base/java.util.ArrayList.forEach(ArrayList.java:1596)
... Removed 29 stack frames]]>
    </failure>
  </testcase> <!-- createSaleReturnTest -->
  <testcase classname="pos.tests.salereturns.CreateSaleReturnTest" name="createSaleReturnTest" time="9.971"/>
  <testcase classname="pos.tests.salereturns.CreateSaleReturnTest" name="createSaleReturnTest" time="10.295"/>
  <testcase classname="pos.tests.salereturns.VisibleSaleReturnsTableTest" name="visibleSaleReturnsTableTest" time="3.631"/>
  <testcase classname="pos.tests.salereturns.AddPaymentSaleReturnTest" name="addPaymentTest" time="5.43"/>
  <testcase classname="pos.tests.salereturns.DeletePaymentSaleReturnTest" name="deletePaymentsTest" time="5.769"/>
  <testcase classname="pos.tests.salereturns.DeleteSaleReturnTest" name="testDeleteSale" time="5.527"/>
</testsuite> <!-- SaleReturnsTest -->
