<?xml version="1.0" encoding="UTF-8"?>
<!-- Generated by org.testng.reporters.JUnitXMLReporter -->
<testsuite ignored="0" hostname="DESKTOP-NAM685B" failures="4" tests="9" name="UsersTest" time="153.256" errors="0" timestamp="2024-07-10T17:05:48 ICT">
  <testcase classname="pos.tests.usermanagement.users.CreateUserTest" name="createCustomerTest" time="16.24">
    <failure type="org.openqa.selenium.NoSuchElementException" message="Cannot locate option with text: Admin
For documentation on this error, please visit: https://www.selenium.dev/documentation/webdriver/troubleshooting/errors#no-such-element-exception
Build info: version: &amp;apos;4.19.1&amp;apos;, revision: &amp;apos;abe0ee07dc&amp;apos;
System info: os.name: &amp;apos;Windows 11&amp;apos;, os.arch: &amp;apos;amd64&amp;apos;, os.version: &amp;apos;10.0&amp;apos;, java.version: &amp;apos;21.0.2&amp;apos;
Driver info: driver.version: unknown">
      <![CDATA[org.openqa.selenium.NoSuchElementException: Cannot locate option with text: Admin
For documentation on this error, please visit: https://www.selenium.dev/documentation/webdriver/troubleshooting/errors#no-such-element-exception
Build info: version: '4.19.1', revision: 'abe0ee07dc'
System info: os.name: 'Windows 11', os.arch: 'amd64', os.version: '10.0', java.version: '21.0.2'
Driver info: driver.version: unknown
at org.openqa.selenium.support.ui.Select.selectByVisibleText(Select.java:153)
at pos.pageobjects.usermanagementpage.users.CreateUserPage.selectUserRole(CreateUserPage.java:56)
at pos.tests.usermanagement.users.CreateUserTest.fillForm(CreateUserTest.java:41)
at pos.tests.usermanagement.users.CreateUserTest.createCustomerTest(CreateUserTest.java:48)
at java.base/java.util.ArrayList.forEach(ArrayList.java:1596)
... Removed 29 stack frames]]>
    </failure>
  </testcase> <!-- createCustomerTest -->
  <testcase classname="pos.tests.usermanagement.users.CreateUserTest" name="createCustomerTest" time="9.115"/>
  <testcase classname="pos.tests.usermanagement.users.CreateUserTest" name="createCustomerTest" time="5.639"/>
  <testcase classname="pos.tests.usermanagement.users.CreateUserTest" name="createCustomerTest" time="13.857">
    <failure type="org.openqa.selenium.NoSuchElementException" message="Cannot locate option with text: Staff
For documentation on this error, please visit: https://www.selenium.dev/documentation/webdriver/troubleshooting/errors#no-such-element-exception
Build info: version: &amp;apos;4.19.1&amp;apos;, revision: &amp;apos;abe0ee07dc&amp;apos;
System info: os.name: &amp;apos;Windows 11&amp;apos;, os.arch: &amp;apos;amd64&amp;apos;, os.version: &amp;apos;10.0&amp;apos;, java.version: &amp;apos;21.0.2&amp;apos;
Driver info: driver.version: unknown">
      <![CDATA[org.openqa.selenium.NoSuchElementException: Cannot locate option with text: Staff
For documentation on this error, please visit: https://www.selenium.dev/documentation/webdriver/troubleshooting/errors#no-such-element-exception
Build info: version: '4.19.1', revision: 'abe0ee07dc'
System info: os.name: 'Windows 11', os.arch: 'amd64', os.version: '10.0', java.version: '21.0.2'
Driver info: driver.version: unknown
at org.openqa.selenium.support.ui.Select.selectByVisibleText(Select.java:153)
at pos.pageobjects.usermanagementpage.users.CreateUserPage.selectUserRole(CreateUserPage.java:56)
at pos.tests.usermanagement.users.CreateUserTest.fillForm(CreateUserTest.java:41)
at pos.tests.usermanagement.users.CreateUserTest.createCustomerTest(CreateUserTest.java:48)
at java.base/java.util.ArrayList.forEach(ArrayList.java:1596)
... Removed 29 stack frames]]>
    </failure>
  </testcase> <!-- createCustomerTest -->
  <testcase classname="pos.tests.usermanagement.users.CreateUserTest" name="createCustomerTest" time="14.535">
    <failure type="org.openqa.selenium.NoSuchElementException" message="Cannot locate option with text: Staff
For documentation on this error, please visit: https://www.selenium.dev/documentation/webdriver/troubleshooting/errors#no-such-element-exception
Build info: version: &amp;apos;4.19.1&amp;apos;, revision: &amp;apos;abe0ee07dc&amp;apos;
System info: os.name: &amp;apos;Windows 11&amp;apos;, os.arch: &amp;apos;amd64&amp;apos;, os.version: &amp;apos;10.0&amp;apos;, java.version: &amp;apos;21.0.2&amp;apos;
Driver info: driver.version: unknown">
      <![CDATA[org.openqa.selenium.NoSuchElementException: Cannot locate option with text: Staff
For documentation on this error, please visit: https://www.selenium.dev/documentation/webdriver/troubleshooting/errors#no-such-element-exception
Build info: version: '4.19.1', revision: 'abe0ee07dc'
System info: os.name: 'Windows 11', os.arch: 'amd64', os.version: '10.0', java.version: '21.0.2'
Driver info: driver.version: unknown
at org.openqa.selenium.support.ui.Select.selectByVisibleText(Select.java:153)
at pos.pageobjects.usermanagementpage.users.CreateUserPage.selectUserRole(CreateUserPage.java:56)
at pos.tests.usermanagement.users.CreateUserTest.fillForm(CreateUserTest.java:41)
at pos.tests.usermanagement.users.CreateUserTest.createCustomerTest(CreateUserTest.java:48)
at java.base/java.util.ArrayList.forEach(ArrayList.java:1596)
... Removed 29 stack frames]]>
    </failure>
  </testcase> <!-- createCustomerTest -->
  <testcase classname="pos.tests.usermanagement.users.CreateUserTest" name="createCustomerTest" time="13.882">
    <failure type="org.openqa.selenium.NoSuchElementException" message="Cannot locate option with text: Staff
For documentation on this error, please visit: https://www.selenium.dev/documentation/webdriver/troubleshooting/errors#no-such-element-exception
Build info: version: &amp;apos;4.19.1&amp;apos;, revision: &amp;apos;abe0ee07dc&amp;apos;
System info: os.name: &amp;apos;Windows 11&amp;apos;, os.arch: &amp;apos;amd64&amp;apos;, os.version: &amp;apos;10.0&amp;apos;, java.version: &amp;apos;21.0.2&amp;apos;
Driver info: driver.version: unknown">
      <![CDATA[org.openqa.selenium.NoSuchElementException: Cannot locate option with text: Staff
For documentation on this error, please visit: https://www.selenium.dev/documentation/webdriver/troubleshooting/errors#no-such-element-exception
Build info: version: '4.19.1', revision: 'abe0ee07dc'
System info: os.name: 'Windows 11', os.arch: 'amd64', os.version: '10.0', java.version: '21.0.2'
Driver info: driver.version: unknown
at org.openqa.selenium.support.ui.Select.selectByVisibleText(Select.java:153)
at pos.pageobjects.usermanagementpage.users.CreateUserPage.selectUserRole(CreateUserPage.java:56)
at pos.tests.usermanagement.users.CreateUserTest.fillForm(CreateUserTest.java:41)
at pos.tests.usermanagement.users.CreateUserTest.createCustomerTest(CreateUserTest.java:48)
at java.base/java.util.ArrayList.forEach(ArrayList.java:1596)
... Removed 29 stack frames]]>
    </failure>
  </testcase> <!-- createCustomerTest -->
  <testcase classname="pos.tests.usermanagement.users.VisibleUsersTable" name="visibleUsersTableTest" time="3.245"/>
  <testcase classname="pos.tests.usermanagement.users.UpdateUserTest" name="updateUserTest" time="5.73"/>
  <testcase classname="pos.tests.usermanagement.users.DeleteUserTest" name="deleteUserTest" time="4.594"/>
</testsuite> <!-- UsersTest -->
