<?xml version="1.0" encoding="UTF-8"?>
<!-- Generated by org.testng.reporters.JUnitXMLReporter -->
<testsuite ignored="0" hostname="DESKTOP-NAM685B" failures="1" tests="12" name="PurchaseReturnsTest" time="182.288" errors="0" timestamp="2024-06-30T14:41:18 ICT">
  <testcase classname="pos.tests.purchasereturns.CreatePurchaseReturnTest" name="createPurchaseReturnTest" time="17.855">
    <failure type="org.openqa.selenium.NoSuchElementException" message="no such element: Unable to locate element: {&amp;quot;method&amp;quot;:&amp;quot;xpath&amp;quot;,&amp;quot;selector&amp;quot;:&amp;quot;/html/body/div[2]/div/main/div/div[1]/div/div/div[4]/div/ul/li[1]/a&amp;quot;}
  (Session info: chrome=126.0.6478.127)
For documentation on this error, please visit: https://www.selenium.dev/documentation/webdriver/troubleshooting/errors#no-such-element-exception
Build info: version: &amp;apos;4.19.1&amp;apos;, revision: &amp;apos;abe0ee07dc&amp;apos;
System info: os.name: &amp;apos;Windows 11&amp;apos;, os.arch: &amp;apos;amd64&amp;apos;, os.version: &amp;apos;10.0&amp;apos;, java.version: &amp;apos;21.0.2&amp;apos;
Driver info: org.openqa.selenium.chrome.ChromeDriver
Command: [b551b3ff00e8bf20cb69a913661cacf2, findElement {using=xpath, value=/html/body/div[2]/div/main/div/div[1]/div/div/div[4]/div/ul/li[1]/a}]
Capabilities {acceptInsecureCerts: false, browserName: chrome, browserVersion: 126.0.6478.127, chrome: {chromedriverVersion: 126.0.6478.126 (d36ace6122e..., userDataDir: C:\Users\Admin\AppData\Loca...}, fedcm:accounts: true, goog:chromeOptions: {debuggerAddress: localhost:49701}, networkConnectionEnabled: false, pageLoadStrategy: normal, platformName: windows, proxy: Proxy(), se:cdp: ws://localhost:49701/devtoo..., se:cdpVersion: 126.0.6478.127, setWindowRect: true, strictFileInteractability: false, timeouts: {implicit: 0, pageLoad: 300000, script: 30000}, unhandledPromptBehavior: dismiss and notify, webauthn:extension:credBlob: true, webauthn:extension:largeBlob: true, webauthn:extension:minPinLength: true, webauthn:extension:prf: true, webauthn:virtualAuthenticators: true}
Session ID: b551b3ff00e8bf20cb69a913661cacf2">
      <![CDATA[org.openqa.selenium.NoSuchElementException: no such element: Unable to locate element: {"method":"xpath","selector":"/html/body/div[2]/div/main/div/div[1]/div/div/div[4]/div/ul/li[1]/a"}
  (Session info: chrome=126.0.6478.127)
For documentation on this error, please visit: https://www.selenium.dev/documentation/webdriver/troubleshooting/errors#no-such-element-exception
Build info: version: '4.19.1', revision: 'abe0ee07dc'
System info: os.name: 'Windows 11', os.arch: 'amd64', os.version: '10.0', java.version: '21.0.2'
Driver info: org.openqa.selenium.chrome.ChromeDriver
Command: [b551b3ff00e8bf20cb69a913661cacf2, findElement {using=xpath, value=/html/body/div[2]/div/main/div/div[1]/div/div/div[4]/div/ul/li[1]/a}]
Capabilities {acceptInsecureCerts: false, browserName: chrome, browserVersion: 126.0.6478.127, chrome: {chromedriverVersion: 126.0.6478.126 (d36ace6122e..., userDataDir: C:\Users\Admin\AppData\Loca...}, fedcm:accounts: true, goog:chromeOptions: {debuggerAddress: localhost:49701}, networkConnectionEnabled: false, pageLoadStrategy: normal, platformName: windows, proxy: Proxy(), se:cdp: ws://localhost:49701/devtoo..., se:cdpVersion: 126.0.6478.127, setWindowRect: true, strictFileInteractability: false, timeouts: {implicit: 0, pageLoad: 300000, script: 30000}, unhandledPromptBehavior: dismiss and notify, webauthn:extension:credBlob: true, webauthn:extension:largeBlob: true, webauthn:extension:minPinLength: true, webauthn:extension:prf: true, webauthn:virtualAuthenticators: true}
Session ID: b551b3ff00e8bf20cb69a913661cacf2
at org.openqa.selenium.remote.ErrorCodec.decode(ErrorCodec.java:167)
at org.openqa.selenium.remote.codec.w3c.W3CHttpResponseCodec.decode(W3CHttpResponseCodec.java:138)
at org.openqa.selenium.remote.codec.w3c.W3CHttpResponseCodec.decode(W3CHttpResponseCodec.java:50)
at org.openqa.selenium.remote.HttpCommandExecutor.execute(HttpCommandExecutor.java:190)
at org.openqa.selenium.remote.service.DriverCommandExecutor.invokeExecute(DriverCommandExecutor.java:216)
at org.openqa.selenium.remote.service.DriverCommandExecutor.execute(DriverCommandExecutor.java:174)
at org.openqa.selenium.remote.RemoteWebDriver.execute(RemoteWebDriver.java:518)
at org.openqa.selenium.remote.ElementLocation$ElementFinder$2.findElement(ElementLocation.java:165)
at org.openqa.selenium.remote.ElementLocation.findElement(ElementLocation.java:59)
at org.openqa.selenium.remote.RemoteWebDriver.findElement(RemoteWebDriver.java:355)
at org.openqa.selenium.remote.RemoteWebDriver.findElement(RemoteWebDriver.java:349)
at org.openqa.selenium.support.pagefactory.DefaultElementLocator.findElement(DefaultElementLocator.java:68)
at org.openqa.selenium.support.pagefactory.internal.LocatingElementHandler.invoke(LocatingElementHandler.java:38)
at jdk.proxy2/jdk.proxy2.$Proxy16.click(Unknown Source)
at pos.pageobjects.purchasereturnspage.CreatePurchaseReturnPage.inputProducts(CreatePurchaseReturnPage.java:55)
at pos.tests.purchasereturns.CreatePurchaseReturnTest.fillForm(CreatePurchaseReturnTest.java:40)
at pos.tests.purchasereturns.CreatePurchaseReturnTest.createPurchaseReturnTest(CreatePurchaseReturnTest.java:55)
at java.base/java.util.ArrayList.forEach(ArrayList.java:1596)
... Removed 28 stack frames]]>
    </failure>
  </testcase> <!-- createPurchaseReturnTest -->
  <testcase classname="pos.tests.purchasereturns.CreatePurchaseReturnTest" name="createPurchaseReturnTest" time="14.178"/>
  <testcase classname="pos.tests.purchasereturns.CreatePurchaseReturnTest" name="createPurchaseReturnTest" time="14.181"/>
  <testcase classname="pos.tests.purchasereturns.CreatePurchaseReturnTest" name="createPurchaseReturnTest" time="14.203"/>
  <testcase classname="pos.tests.purchasereturns.CreatePurchaseReturnTest" name="createPurchaseReturnTest" time="14.67"/>
  <testcase classname="pos.tests.purchasereturns.CreatePurchaseReturnTest" name="createPurchaseReturnTest" time="14.016"/>
  <testcase classname="pos.tests.purchasereturns.CreatePurchaseReturnTest" name="createPurchaseReturnTest" time="14.497"/>
  <testcase classname="pos.tests.purchasereturns.CreatePurchaseReturnTest" name="createPurchaseReturnTest" time="14.477"/>
  <testcase classname="pos.tests.purchasereturns.VisiblePurchaseReturnsTableTest" name="visiblePurchaseReturnsTableTest" time="5.642"/>
  <testcase classname="pos.tests.purchasereturns.AddPaymentPurchaseReturnTest" name="addPaymentTest" time="9.382"/>
  <testcase classname="pos.tests.purchasereturns.DeletePaymentPurchaseReturnTest" name="deletePaymentsTest" time="10.03"/>
  <testcase classname="pos.tests.purchasereturns.DeletePurchaseReturnTest" name="testDeletePurchase" time="8.379"/>
</testsuite> <!-- PurchaseReturnsTest -->
