<?xml version="1.0" encoding="UTF-8"?>
<!-- Generated by org.testng.reporters.JUnitXMLReporter -->
<testsuite ignored="0" hostname="DESKTOP-NAM685B" failures="4" tests="24" name="SalesTest" time="398.274" errors="0" timestamp="2024-06-30T14:30:52 ICT">
  <testcase classname="pos.tests.sales.CreateSaleTest" name="createProductTest" time="16.501">
    <failure type="org.openqa.selenium.NoSuchElementException" message="no such element: Unable to locate element: {&amp;quot;method&amp;quot;:&amp;quot;xpath&amp;quot;,&amp;quot;selector&amp;quot;:&amp;quot;/html/body/div[2]/div/main/div/div[1]/div/div/div[4]/div/ul/li[1]/a&amp;quot;}
  (Session info: chrome=126.0.6478.127)
For documentation on this error, please visit: https://www.selenium.dev/documentation/webdriver/troubleshooting/errors#no-such-element-exception
Build info: version: &amp;apos;4.19.1&amp;apos;, revision: &amp;apos;abe0ee07dc&amp;apos;
System info: os.name: &amp;apos;Windows 11&amp;apos;, os.arch: &amp;apos;amd64&amp;apos;, os.version: &amp;apos;10.0&amp;apos;, java.version: &amp;apos;21.0.2&amp;apos;
Driver info: org.openqa.selenium.chrome.ChromeDriver
Command: [0d638998e5c9245c9bc2e4151a67feea, findElement {using=xpath, value=/html/body/div[2]/div/main/div/div[1]/div/div/div[4]/div/ul/li[1]/a}]
Capabilities {acceptInsecureCerts: false, browserName: chrome, browserVersion: 126.0.6478.127, chrome: {chromedriverVersion: 126.0.6478.126 (d36ace6122e..., userDataDir: C:\Users\Admin\AppData\Loca...}, fedcm:accounts: true, goog:chromeOptions: {debuggerAddress: localhost:62037}, networkConnectionEnabled: false, pageLoadStrategy: normal, platformName: windows, proxy: Proxy(), se:cdp: ws://localhost:62037/devtoo..., se:cdpVersion: 126.0.6478.127, setWindowRect: true, strictFileInteractability: false, timeouts: {implicit: 0, pageLoad: 300000, script: 30000}, unhandledPromptBehavior: dismiss and notify, webauthn:extension:credBlob: true, webauthn:extension:largeBlob: true, webauthn:extension:minPinLength: true, webauthn:extension:prf: true, webauthn:virtualAuthenticators: true}
Session ID: 0d638998e5c9245c9bc2e4151a67feea">
      <![CDATA[org.openqa.selenium.NoSuchElementException: no such element: Unable to locate element: {"method":"xpath","selector":"/html/body/div[2]/div/main/div/div[1]/div/div/div[4]/div/ul/li[1]/a"}
  (Session info: chrome=126.0.6478.127)
For documentation on this error, please visit: https://www.selenium.dev/documentation/webdriver/troubleshooting/errors#no-such-element-exception
Build info: version: '4.19.1', revision: 'abe0ee07dc'
System info: os.name: 'Windows 11', os.arch: 'amd64', os.version: '10.0', java.version: '21.0.2'
Driver info: org.openqa.selenium.chrome.ChromeDriver
Command: [0d638998e5c9245c9bc2e4151a67feea, findElement {using=xpath, value=/html/body/div[2]/div/main/div/div[1]/div/div/div[4]/div/ul/li[1]/a}]
Capabilities {acceptInsecureCerts: false, browserName: chrome, browserVersion: 126.0.6478.127, chrome: {chromedriverVersion: 126.0.6478.126 (d36ace6122e..., userDataDir: C:\Users\Admin\AppData\Loca...}, fedcm:accounts: true, goog:chromeOptions: {debuggerAddress: localhost:62037}, networkConnectionEnabled: false, pageLoadStrategy: normal, platformName: windows, proxy: Proxy(), se:cdp: ws://localhost:62037/devtoo..., se:cdpVersion: 126.0.6478.127, setWindowRect: true, strictFileInteractability: false, timeouts: {implicit: 0, pageLoad: 300000, script: 30000}, unhandledPromptBehavior: dismiss and notify, webauthn:extension:credBlob: true, webauthn:extension:largeBlob: true, webauthn:extension:minPinLength: true, webauthn:extension:prf: true, webauthn:virtualAuthenticators: true}
Session ID: 0d638998e5c9245c9bc2e4151a67feea
at org.openqa.selenium.remote.ErrorCodec.decode(ErrorCodec.java:167)
at org.openqa.selenium.remote.codec.w3c.W3CHttpResponseCodec.decode(W3CHttpResponseCodec.java:138)
at org.openqa.selenium.remote.codec.w3c.W3CHttpResponseCodec.decode(W3CHttpResponseCodec.java:50)
at org.openqa.selenium.remote.HttpCommandExecutor.execute(HttpCommandExecutor.java:190)
at org.openqa.selenium.remote.service.DriverCommandExecutor.invokeExecute(DriverCommandExecutor.java:216)
at org.openqa.selenium.remote.service.DriverCommandExecutor.execute(DriverCommandExecutor.java:174)
at org.openqa.selenium.remote.RemoteWebDriver.execute(RemoteWebDriver.java:518)
at org.openqa.selenium.remote.ElementLocation$ElementFinder$2.findElement(ElementLocation.java:165)
at org.openqa.selenium.remote.ElementLocation.findElement(ElementLocation.java:59)
at org.openqa.selenium.remote.RemoteWebDriver.findElement(RemoteWebDriver.java:355)
at org.openqa.selenium.remote.RemoteWebDriver.findElement(RemoteWebDriver.java:349)
at org.openqa.selenium.support.pagefactory.DefaultElementLocator.findElement(DefaultElementLocator.java:68)
at org.openqa.selenium.support.pagefactory.internal.LocatingElementHandler.invoke(LocatingElementHandler.java:38)
at jdk.proxy2/jdk.proxy2.$Proxy16.click(Unknown Source)
at pos.pageobjects.salespage.CreateSalePage.inputProducts(CreateSalePage.java:57)
at pos.tests.sales.CreateSaleTest.fillForm(CreateSaleTest.java:40)
at pos.tests.sales.CreateSaleTest.createProductTest(CreateSaleTest.java:55)
at java.base/java.util.ArrayList.forEach(ArrayList.java:1596)
... Removed 28 stack frames]]>
    </failure>
  </testcase> <!-- createProductTest -->
  <testcase classname="pos.tests.sales.CreateSaleTest" name="createProductTest" time="13.505"/>
  <testcase classname="pos.tests.sales.CreateSaleTest" name="createProductTest" time="17.033"/>
  <testcase classname="pos.tests.sales.CreateSaleTest" name="createProductTest" time="14.312"/>
  <testcase classname="pos.tests.sales.CreateSaleTest" name="createProductTest" time="17.145">
    <failure type="org.openqa.selenium.NoSuchElementException" message="Cannot locate option with text: Kai
For documentation on this error, please visit: https://www.selenium.dev/documentation/webdriver/troubleshooting/errors#no-such-element-exception
Build info: version: &amp;apos;4.19.1&amp;apos;, revision: &amp;apos;abe0ee07dc&amp;apos;
System info: os.name: &amp;apos;Windows 11&amp;apos;, os.arch: &amp;apos;amd64&amp;apos;, os.version: &amp;apos;10.0&amp;apos;, java.version: &amp;apos;21.0.2&amp;apos;
Driver info: driver.version: unknown">
      <![CDATA[org.openqa.selenium.NoSuchElementException: Cannot locate option with text: Kai
For documentation on this error, please visit: https://www.selenium.dev/documentation/webdriver/troubleshooting/errors#no-such-element-exception
Build info: version: '4.19.1', revision: 'abe0ee07dc'
System info: os.name: 'Windows 11', os.arch: 'amd64', os.version: '10.0', java.version: '21.0.2'
Driver info: driver.version: unknown
at org.openqa.selenium.support.ui.Select.selectByVisibleText(Select.java:153)
at pos.pageobjects.salespage.CreateSalePage.selectCustomer(CreateSalePage.java:62)
at pos.tests.sales.CreateSaleTest.fillForm(CreateSaleTest.java:41)
at pos.tests.sales.CreateSaleTest.createProductTest(CreateSaleTest.java:55)
at java.base/java.util.ArrayList.forEach(ArrayList.java:1596)
... Removed 25 stack frames]]>
    </failure>
  </testcase> <!-- createProductTest -->
  <testcase classname="pos.tests.sales.CreateSaleTest" name="createProductTest" time="14.658"/>
  <testcase classname="pos.tests.sales.CreateSaleTest" name="createProductTest" time="13.929"/>
  <testcase classname="pos.tests.sales.CreateSaleTest" name="createProductTest" time="14.117"/>
  <testcase classname="pos.tests.sales.CreateSaleTest" name="createProductTest" time="15.089"/>
  <testcase classname="pos.tests.sales.CreateSaleTest" name="createProductTest" time="14.236"/>
  <testcase classname="pos.tests.sales.CreateSaleTest" name="createProductTest" time="15.393"/>
  <testcase classname="pos.tests.sales.CreateSaleTest" name="createProductTest" time="15.455"/>
  <testcase classname="pos.tests.sales.CreateSaleTest" name="createProductTest" time="14.154"/>
  <testcase classname="pos.tests.sales.CreateSaleTest" name="createProductTest" time="14.011"/>
  <testcase classname="pos.tests.sales.CreateSaleTest" name="createProductTest" time="13.949"/>
  <testcase classname="pos.tests.sales.CreateSaleTest" name="createProductTest" time="17.251">
    <failure type="org.openqa.selenium.NoSuchElementException" message="Cannot locate option with text: Kai
For documentation on this error, please visit: https://www.selenium.dev/documentation/webdriver/troubleshooting/errors#no-such-element-exception
Build info: version: &amp;apos;4.19.1&amp;apos;, revision: &amp;apos;abe0ee07dc&amp;apos;
System info: os.name: &amp;apos;Windows 11&amp;apos;, os.arch: &amp;apos;amd64&amp;apos;, os.version: &amp;apos;10.0&amp;apos;, java.version: &amp;apos;21.0.2&amp;apos;
Driver info: driver.version: unknown">
      <![CDATA[org.openqa.selenium.NoSuchElementException: Cannot locate option with text: Kai
For documentation on this error, please visit: https://www.selenium.dev/documentation/webdriver/troubleshooting/errors#no-such-element-exception
Build info: version: '4.19.1', revision: 'abe0ee07dc'
System info: os.name: 'Windows 11', os.arch: 'amd64', os.version: '10.0', java.version: '21.0.2'
Driver info: driver.version: unknown
at org.openqa.selenium.support.ui.Select.selectByVisibleText(Select.java:153)
at pos.pageobjects.salespage.CreateSalePage.selectCustomer(CreateSalePage.java:62)
at pos.tests.sales.CreateSaleTest.fillForm(CreateSaleTest.java:41)
at pos.tests.sales.CreateSaleTest.createProductTest(CreateSaleTest.java:55)
at java.base/java.util.ArrayList.forEach(ArrayList.java:1596)
... Removed 25 stack frames]]>
    </failure>
  </testcase> <!-- createProductTest -->
  <testcase classname="pos.tests.sales.CreateSaleTest" name="createProductTest" time="13.005"/>
  <testcase classname="pos.tests.sales.CreateSaleTest" name="createProductTest" time="17.917">
    <failure type="org.openqa.selenium.NoSuchElementException" message="Cannot locate option with text: Kai
For documentation on this error, please visit: https://www.selenium.dev/documentation/webdriver/troubleshooting/errors#no-such-element-exception
Build info: version: &amp;apos;4.19.1&amp;apos;, revision: &amp;apos;abe0ee07dc&amp;apos;
System info: os.name: &amp;apos;Windows 11&amp;apos;, os.arch: &amp;apos;amd64&amp;apos;, os.version: &amp;apos;10.0&amp;apos;, java.version: &amp;apos;21.0.2&amp;apos;
Driver info: driver.version: unknown">
      <![CDATA[org.openqa.selenium.NoSuchElementException: Cannot locate option with text: Kai
For documentation on this error, please visit: https://www.selenium.dev/documentation/webdriver/troubleshooting/errors#no-such-element-exception
Build info: version: '4.19.1', revision: 'abe0ee07dc'
System info: os.name: 'Windows 11', os.arch: 'amd64', os.version: '10.0', java.version: '21.0.2'
Driver info: driver.version: unknown
at org.openqa.selenium.support.ui.Select.selectByVisibleText(Select.java:153)
at pos.pageobjects.salespage.CreateSalePage.selectCustomer(CreateSalePage.java:62)
at pos.tests.sales.CreateSaleTest.fillForm(CreateSaleTest.java:41)
at pos.tests.sales.CreateSaleTest.createProductTest(CreateSaleTest.java:55)
at java.base/java.util.ArrayList.forEach(ArrayList.java:1596)
... Removed 25 stack frames]]>
    </failure>
  </testcase> <!-- createProductTest -->
  <testcase classname="pos.tests.sales.CreateSaleTest" name="createProductTest" time="15.532"/>
  <testcase classname="pos.tests.sales.CreateSaleTest" name="createProductTest" time="14.766"/>
  <testcase classname="pos.tests.sales.VisibleSalesTableTest" name="visibleCategoriesTable" time="5.963"/>
  <testcase classname="pos.tests.sales.DeleteSaleTest" name="testDeleteSale" time="8.803"/>
  <testcase classname="pos.tests.sales.AddPaymentTest" name="addPaymentTest" time="9.51"/>
  <testcase classname="pos.tests.sales.DeletePaymentTest" name="deletePaymentsTest" time="11.605"/>
</testsuite> <!-- SalesTest -->
